0 info it worked if it ends with ok
1 verbose cli [ 'D:\\Programs\\nodejs\\node.exe',
1 verbose cli   'D:\\Programs\\nodejs\\node_modules\\npm\\bin\\npm-cli.js',
1 verbose cli   'install' ]
2 info using npm@3.3.12
3 info using node@v5.4.0
4 silly loadCurrentTree Starting
5 silly install loadCurrentTree
6 silly install readLocalPackageData
7 silly install normalizeTree
8 silly loadCurrentTree Finishing
9 silly loadIdealTree Starting
10 silly install loadIdealTree
11 silly cloneCurrentTree Starting
12 silly install cloneCurrentTreeToIdealTree
13 silly cloneCurrentTree Finishing
14 silly loadShrinkwrap Starting
15 silly install loadShrinkwrap
16 silly loadShrinkwrap Finishing
17 silly loadAllDepsIntoIdealTree Starting
18 silly install loadAllDepsIntoIdealTree
19 silly fetchNamedPackageData time
20 silly mapToRegistry name time
21 silly mapToRegistry using default registry
22 silly mapToRegistry registry https://registry.npmjs.org/
23 silly mapToRegistry uri https://registry.npmjs.org/time
24 verbose request uri https://registry.npmjs.org/time
25 verbose request no auth needed
26 info attempt registry request try #1 at 9:50:26 PM
27 verbose request id e02c1113e3433d76
28 verbose etag "BJ2FLC52VWBHSDWPKJHXLL3A6"
29 http request GET https://registry.npmjs.org/time
30 http 304 https://registry.npmjs.org/time
31 verbose headers { date: 'Thu, 07 Jan 2016 02:50:26 GMT',
31 verbose headers   via: '1.1 varnish',
31 verbose headers   'cache-control': 'max-age=300',
31 verbose headers   etag: '"BJ2FLC52VWBHSDWPKJHXLL3A6"',
31 verbose headers   age: '140',
31 verbose headers   connection: 'keep-alive',
31 verbose headers   'x-served-by': 'cache-atl6226-ATL',
31 verbose headers   'x-cache': 'HIT',
31 verbose headers   'x-cache-hits': '1',
31 verbose headers   'x-timer': 'S1452135026.689059,VS0,VE0',
31 verbose headers   vary: 'Accept' }
32 silly get cb [ 304,
32 silly get   { date: 'Thu, 07 Jan 2016 02:50:26 GMT',
32 silly get     via: '1.1 varnish',
32 silly get     'cache-control': 'max-age=300',
32 silly get     etag: '"BJ2FLC52VWBHSDWPKJHXLL3A6"',
32 silly get     age: '140',
32 silly get     connection: 'keep-alive',
32 silly get     'x-served-by': 'cache-atl6226-ATL',
32 silly get     'x-cache': 'HIT',
32 silly get     'x-cache-hits': '1',
32 silly get     'x-timer': 'S1452135026.689059,VS0,VE0',
32 silly get     vary: 'Accept' } ]
33 verbose etag https://registry.npmjs.org/time from cache
34 verbose get saving time to C:\Users\kenne\AppData\Roaming\npm-cache\registry.npmjs.org\time\.cache.json
35 silly resolveWithNewModule time@0.11.4 checking installable status
36 silly cache add args [ 'time@*', null ]
37 verbose cache add spec time@*
38 silly cache add parsed spec Result {
38 silly cache add   raw: 'time@*',
38 silly cache add   scope: null,
38 silly cache add   name: 'time',
38 silly cache add   rawSpec: '*',
38 silly cache add   spec: '*',
38 silly cache add   type: 'range' }
39 silly addNamed time@*
40 verbose addNamed "*" is a valid semver range for time
41 silly addNameRange { name: 'time', range: '*', hasData: false }
42 silly mapToRegistry name time
43 silly mapToRegistry using default registry
44 silly mapToRegistry registry https://registry.npmjs.org/
45 silly mapToRegistry uri https://registry.npmjs.org/time
46 verbose addNameRange registry:https://registry.npmjs.org/time not in flight; fetching
47 verbose get https://registry.npmjs.org/time not expired, no request
48 silly addNameRange number 2 { name: 'time', range: '*', hasData: true }
49 silly addNameRange versions [ 'time',
49 silly addNameRange   [ '0.0.1',
49 silly addNameRange     '0.0.2',
49 silly addNameRange     '0.0.3',
49 silly addNameRange     '0.1.0',
49 silly addNameRange     '0.1.1',
49 silly addNameRange     '0.1.2',
49 silly addNameRange     '0.1.3',
49 silly addNameRange     '0.1.4',
49 silly addNameRange     '0.2.0',
49 silly addNameRange     '0.2.1',
49 silly addNameRange     '0.2.2',
49 silly addNameRange     '0.2.3',
49 silly addNameRange     '0.3.0',
49 silly addNameRange     '0.3.1',
49 silly addNameRange     '0.3.2',
49 silly addNameRange     '0.4.0',
49 silly addNameRange     '0.5.0',
49 silly addNameRange     '0.6.0',
49 silly addNameRange     '0.6.2',
49 silly addNameRange     '0.6.3',
49 silly addNameRange     '0.6.4',
49 silly addNameRange     '0.6.5',
49 silly addNameRange     '0.7.0',
49 silly addNameRange     '0.8.0',
49 silly addNameRange     '0.8.1',
49 silly addNameRange     '0.8.2',
49 silly addNameRange     '0.8.3',
49 silly addNameRange     '0.8.4',
49 silly addNameRange     '0.9.0',
49 silly addNameRange     '0.9.1',
49 silly addNameRange     '0.9.2',
49 silly addNameRange     '0.10.0',
49 silly addNameRange     '0.11.0',
49 silly addNameRange     '0.11.1',
49 silly addNameRange     '0.11.2',
49 silly addNameRange     '0.11.3',
49 silly addNameRange     '0.11.4' ] ]
50 silly addNamed time@0.11.4
51 verbose addNamed "0.11.4" is a plain semver version for time
52 silly cache afterAdd time@0.11.4
53 verbose afterAdd C:\Users\kenne\AppData\Roaming\npm-cache\time\0.11.4\package\package.json not in flight; writing
54 verbose afterAdd C:\Users\kenne\AppData\Roaming\npm-cache\time\0.11.4\package\package.json written
55 silly fetchNamedPackageData bufferutil
56 silly mapToRegistry name bufferutil
57 silly mapToRegistry using default registry
58 silly mapToRegistry registry https://registry.npmjs.org/
59 silly mapToRegistry uri https://registry.npmjs.org/bufferutil
60 silly fetchNamedPackageData utf-8-validate
61 silly mapToRegistry name utf-8-validate
62 silly mapToRegistry using default registry
63 silly mapToRegistry registry https://registry.npmjs.org/
64 silly mapToRegistry uri https://registry.npmjs.org/utf-8-validate
65 verbose request uri https://registry.npmjs.org/bufferutil
66 verbose request no auth needed
67 info attempt registry request try #1 at 9:50:27 PM
68 verbose etag "9NLYGHUX8MGYC2LICJDWKWNPW"
69 http request GET https://registry.npmjs.org/bufferutil
70 verbose request uri https://registry.npmjs.org/utf-8-validate
71 verbose request no auth needed
72 info attempt registry request try #1 at 9:50:27 PM
73 verbose etag "E7XYFT7FUBMH6H6XYWMIRAGJ0"
74 http request GET https://registry.npmjs.org/utf-8-validate
75 http 304 https://registry.npmjs.org/bufferutil
76 verbose headers { date: 'Thu, 07 Jan 2016 02:50:27 GMT',
76 verbose headers   via: '1.1 varnish',
76 verbose headers   'cache-control': 'max-age=300',
76 verbose headers   etag: '"9NLYGHUX8MGYC2LICJDWKWNPW"',
76 verbose headers   age: '216',
76 verbose headers   connection: 'keep-alive',
76 verbose headers   'x-served-by': 'cache-atl6234-ATL',
76 verbose headers   'x-cache': 'HIT',
76 verbose headers   'x-cache-hits': '4',
76 verbose headers   'x-timer': 'S1452135027.302109,VS0,VE0',
76 verbose headers   vary: 'Accept' }
77 silly get cb [ 304,
77 silly get   { date: 'Thu, 07 Jan 2016 02:50:27 GMT',
77 silly get     via: '1.1 varnish',
77 silly get     'cache-control': 'max-age=300',
77 silly get     etag: '"9NLYGHUX8MGYC2LICJDWKWNPW"',
77 silly get     age: '216',
77 silly get     connection: 'keep-alive',
77 silly get     'x-served-by': 'cache-atl6234-ATL',
77 silly get     'x-cache': 'HIT',
77 silly get     'x-cache-hits': '4',
77 silly get     'x-timer': 'S1452135027.302109,VS0,VE0',
77 silly get     vary: 'Accept' } ]
78 verbose etag https://registry.npmjs.org/bufferutil from cache
79 verbose get saving bufferutil to C:\Users\kenne\AppData\Roaming\npm-cache\registry.npmjs.org\bufferutil\.cache.json
80 http 304 https://registry.npmjs.org/utf-8-validate
81 verbose headers { date: 'Thu, 07 Jan 2016 02:50:27 GMT',
81 verbose headers   via: '1.1 varnish',
81 verbose headers   'cache-control': 'max-age=300',
81 verbose headers   etag: '"E7XYFT7FUBMH6H6XYWMIRAGJ0"',
81 verbose headers   age: '169',
81 verbose headers   connection: 'keep-alive',
81 verbose headers   'x-served-by': 'cache-atl6226-ATL',
81 verbose headers   'x-cache': 'HIT',
81 verbose headers   'x-cache-hits': '2',
81 verbose headers   'x-timer': 'S1452135027.306679,VS0,VE0',
81 verbose headers   vary: 'Accept' }
82 silly get cb [ 304,
82 silly get   { date: 'Thu, 07 Jan 2016 02:50:27 GMT',
82 silly get     via: '1.1 varnish',
82 silly get     'cache-control': 'max-age=300',
82 silly get     etag: '"E7XYFT7FUBMH6H6XYWMIRAGJ0"',
82 silly get     age: '169',
82 silly get     connection: 'keep-alive',
82 silly get     'x-served-by': 'cache-atl6226-ATL',
82 silly get     'x-cache': 'HIT',
82 silly get     'x-cache-hits': '2',
82 silly get     'x-timer': 'S1452135027.306679,VS0,VE0',
82 silly get     vary: 'Accept' } ]
83 verbose etag https://registry.npmjs.org/utf-8-validate from cache
84 verbose get saving utf-8-validate to C:\Users\kenne\AppData\Roaming\npm-cache\registry.npmjs.org\utf-8-validate\.cache.json
85 silly resolveWithNewModule utf-8-validate@1.2.1 checking installable status
86 silly cache add args [ 'utf-8-validate@1.2.x', null ]
87 verbose cache add spec utf-8-validate@1.2.x
88 silly cache add parsed spec Result {
88 silly cache add   raw: 'utf-8-validate@1.2.x',
88 silly cache add   scope: null,
88 silly cache add   name: 'utf-8-validate',
88 silly cache add   rawSpec: '1.2.x',
88 silly cache add   spec: '>=1.2.0 <1.3.0',
88 silly cache add   type: 'range' }
89 silly addNamed utf-8-validate@>=1.2.0 <1.3.0
90 verbose addNamed ">=1.2.0 <1.3.0" is a valid semver range for utf-8-validate
91 silly addNameRange { name: 'utf-8-validate',
91 silly addNameRange   range: '>=1.2.0 <1.3.0',
91 silly addNameRange   hasData: false }
92 silly mapToRegistry name utf-8-validate
93 silly mapToRegistry using default registry
94 silly mapToRegistry registry https://registry.npmjs.org/
95 silly mapToRegistry uri https://registry.npmjs.org/utf-8-validate
96 verbose addNameRange registry:https://registry.npmjs.org/utf-8-validate not in flight; fetching
97 silly resolveWithNewModule bufferutil@1.2.1 checking installable status
98 silly cache add args [ 'bufferutil@1.2.x', null ]
99 verbose cache add spec bufferutil@1.2.x
100 silly cache add parsed spec Result {
100 silly cache add   raw: 'bufferutil@1.2.x',
100 silly cache add   scope: null,
100 silly cache add   name: 'bufferutil',
100 silly cache add   rawSpec: '1.2.x',
100 silly cache add   spec: '>=1.2.0 <1.3.0',
100 silly cache add   type: 'range' }
101 silly addNamed bufferutil@>=1.2.0 <1.3.0
102 verbose addNamed ">=1.2.0 <1.3.0" is a valid semver range for bufferutil
103 silly addNameRange { name: 'bufferutil', range: '>=1.2.0 <1.3.0', hasData: false }
104 silly mapToRegistry name bufferutil
105 silly mapToRegistry using default registry
106 silly mapToRegistry registry https://registry.npmjs.org/
107 silly mapToRegistry uri https://registry.npmjs.org/bufferutil
108 verbose addNameRange registry:https://registry.npmjs.org/bufferutil not in flight; fetching
109 verbose get https://registry.npmjs.org/utf-8-validate not expired, no request
110 silly addNameRange number 2 { name: 'utf-8-validate',
110 silly addNameRange   range: '>=1.2.0 <1.3.0',
110 silly addNameRange   hasData: true }
111 silly addNameRange versions [ 'utf-8-validate',
111 silly addNameRange   [ '1.0.0', '1.0.1', '1.1.0', '1.2.0', '1.2.1' ] ]
112 silly addNamed utf-8-validate@1.2.1
113 verbose addNamed "1.2.1" is a plain semver version for utf-8-validate
114 verbose get https://registry.npmjs.org/bufferutil not expired, no request
115 silly addNameRange number 2 { name: 'bufferutil', range: '>=1.2.0 <1.3.0', hasData: true }
116 silly addNameRange versions [ 'bufferutil',
116 silly addNameRange   [ '1.0.0', '1.0.1', '1.1.0', '1.2.0', '1.2.1' ] ]
117 silly addNamed bufferutil@1.2.1
118 verbose addNamed "1.2.1" is a plain semver version for bufferutil
119 silly cache afterAdd utf-8-validate@1.2.1
120 verbose afterAdd C:\Users\kenne\AppData\Roaming\npm-cache\utf-8-validate\1.2.1\package\package.json not in flight; writing
121 silly cache afterAdd bufferutil@1.2.1
122 verbose afterAdd C:\Users\kenne\AppData\Roaming\npm-cache\bufferutil\1.2.1\package\package.json not in flight; writing
123 verbose afterAdd C:\Users\kenne\AppData\Roaming\npm-cache\utf-8-validate\1.2.1\package\package.json written
124 verbose afterAdd C:\Users\kenne\AppData\Roaming\npm-cache\bufferutil\1.2.1\package\package.json written
125 silly loadAllDepsIntoIdealTree Finishing
126 silly idealTree:prePrune lite_auto@1.0.0
126 silly idealTree:prePrune ├── accepts@1.2.13
126 silly idealTree:prePrune ├── after@0.8.1
126 silly idealTree:prePrune ├── ansi-regex@2.0.0
126 silly idealTree:prePrune ├── ansi-styles@2.1.0
126 silly idealTree:prePrune ├── array-flatten@1.1.1
126 silly idealTree:prePrune ├── array-includes@3.0.1
126 silly idealTree:prePrune ├── arraybuffer.slice@0.0.6
126 silly idealTree:prePrune ├── asn1@0.1.11
126 silly idealTree:prePrune ├── assert-plus@0.1.5
126 silly idealTree:prePrune ├── async@0.9.2
126 silly idealTree:prePrune ├── aws-sign2@0.5.0
126 silly idealTree:prePrune ├── backo2@1.0.2
126 silly idealTree:prePrune ├── base64-arraybuffer@0.1.2
126 silly idealTree:prePrune ├── base64id@0.1.0
126 silly idealTree:prePrune ├── benchmark@1.0.0
126 silly idealTree:prePrune ├── better-assert@1.0.2
126 silly idealTree:prePrune ├── bindings@1.2.1
126 silly idealTree:prePrune ├── bl@0.9.4
126 silly idealTree:prePrune ├── blob@0.0.4
126 silly idealTree:prePrune ├── boom@0.4.2
126 silly idealTree:prePrune ├── browser-serialport@2.0.3
126 silly idealTree:prePrune ├── bufferutil@1.2.1
126 silly idealTree:prePrune ├── callsite@1.0.0
126 silly idealTree:prePrune ├── caseless@0.6.0
126 silly idealTree:prePrune ├── chalk@1.1.1
126 silly idealTree:prePrune ├── color-convert@0.5.3
126 silly idealTree:prePrune ├── combined-stream@0.0.7
126 silly idealTree:prePrune ├── component-bind@1.0.0
126 silly idealTree:prePrune ├── component-emitter@1.1.2
126 silly idealTree:prePrune ├── component-inherit@0.0.3
126 silly idealTree:prePrune ├── content-disposition@0.5.0
126 silly idealTree:prePrune ├── content-type@1.0.1
126 silly idealTree:prePrune ├── cookie-signature@1.0.6
126 silly idealTree:prePrune ├── cookie@0.1.3
126 silly idealTree:prePrune ├── core-util-is@1.0.2
126 silly idealTree:prePrune ├── cryptiles@0.2.2
126 silly idealTree:prePrune ├── ctype@0.5.3
126 silly idealTree:prePrune ├── debug@2.2.0
126 silly idealTree:prePrune ├── define-properties@1.1.2
126 silly idealTree:prePrune ├── delayed-stream@0.0.5
126 silly idealTree:prePrune ├── depd@1.0.1
126 silly idealTree:prePrune ├── descriptor@0.1.0
126 silly idealTree:prePrune ├── destroy@1.0.3
126 silly idealTree:prePrune ├── ease-component@1.0.0
126 silly idealTree:prePrune ├── ee-first@1.1.1
126 silly idealTree:prePrune ├─┬ engine.io-client@1.6.4
126 silly idealTree:prePrune │ └── ws@0.8.1
126 silly idealTree:prePrune ├─┬ engine.io-parser@1.2.4
126 silly idealTree:prePrune │ └── has-binary@0.1.6
126 silly idealTree:prePrune ├─┬ engine.io@1.6.5
126 silly idealTree:prePrune │ ├── accepts@1.1.4
126 silly idealTree:prePrune │ ├── mime-db@1.12.0
126 silly idealTree:prePrune │ ├── mime-types@2.0.14
126 silly idealTree:prePrune │ └── negotiator@0.4.9
126 silly idealTree:prePrune ├── es-abstract@1.5.0
126 silly idealTree:prePrune ├── es-to-primitive@1.1.1
126 silly idealTree:prePrune ├── es6-shim@0.34.1
126 silly idealTree:prePrune ├── escape-html@1.0.2
126 silly idealTree:prePrune ├── escape-string-regexp@1.0.4
126 silly idealTree:prePrune ├── etag@1.7.0
126 silly idealTree:prePrune ├── express@4.13.3
126 silly idealTree:prePrune ├── finalhandler@0.4.0
126 silly idealTree:prePrune ├─┬ firmata@0.7.4
126 silly idealTree:prePrune │ └── es6-shim@0.33.13
126 silly idealTree:prePrune ├── foreach@2.0.5
126 silly idealTree:prePrune ├── forecast@0.2.1
126 silly idealTree:prePrune ├── forever-agent@0.5.2
126 silly idealTree:prePrune ├─┬ form-data@0.1.4
126 silly idealTree:prePrune │ └── mime@1.2.11
126 silly idealTree:prePrune ├── forwarded@0.1.0
126 silly idealTree:prePrune ├── fresh@0.3.0
126 silly idealTree:prePrune ├── function-bind@1.0.2
126 silly idealTree:prePrune ├── has-ansi@2.0.0
126 silly idealTree:prePrune ├── has-binary@0.1.7
126 silly idealTree:prePrune ├── has-cors@1.1.0
126 silly idealTree:prePrune ├── hawk@1.1.1
126 silly idealTree:prePrune ├── hoek@0.9.1
126 silly idealTree:prePrune ├── http-errors@1.3.1
126 silly idealTree:prePrune ├── http-signature@0.10.1
126 silly idealTree:prePrune ├── indexof@0.0.1
126 silly idealTree:prePrune ├── inherits@2.0.1
126 silly idealTree:prePrune ├── ipaddr.js@1.0.5
126 silly idealTree:prePrune ├── is-callable@1.1.1
126 silly idealTree:prePrune ├── is-date-object@1.0.1
126 silly idealTree:prePrune ├── is-regex@1.0.3
126 silly idealTree:prePrune ├── is-symbol@1.0.1
126 silly idealTree:prePrune ├── is-typedarray@1.0.0
126 silly idealTree:prePrune ├── isarray@0.0.1
126 silly idealTree:prePrune ├── johnny-five@0.9.17
126 silly idealTree:prePrune ├── json-stringify-safe@5.0.1
126 silly idealTree:prePrune ├── json3@3.2.6
126 silly idealTree:prePrune ├── lodash-node@2.4.1
126 silly idealTree:prePrune ├── lodash@3.10.1
126 silly idealTree:prePrune ├── media-typer@0.3.0
126 silly idealTree:prePrune ├── merge-descriptors@1.0.0
126 silly idealTree:prePrune ├── methods@1.1.1
126 silly idealTree:prePrune ├── mime-db@1.21.0
126 silly idealTree:prePrune ├── mime-types@2.1.9
126 silly idealTree:prePrune ├── mime@1.3.4
126 silly idealTree:prePrune ├── minimist@0.0.10
126 silly idealTree:prePrune ├── moment@2.11.0
126 silly idealTree:prePrune ├── ms@0.7.1
126 silly idealTree:prePrune ├── nan@2.0.9
126 silly idealTree:prePrune ├── nanotimer@0.3.10
126 silly idealTree:prePrune ├── negotiator@0.5.3
126 silly idealTree:prePrune ├── node-uuid@1.4.7
126 silly idealTree:prePrune ├── oauth-sign@0.4.0
126 silly idealTree:prePrune ├── object-component@0.0.3
126 silly idealTree:prePrune ├── object-keys@1.0.9
126 silly idealTree:prePrune ├── on-finished@2.3.0
126 silly idealTree:prePrune ├── optimist@0.6.1
126 silly idealTree:prePrune ├── options@0.0.6
126 silly idealTree:prePrune ├── parsejson@0.0.1
126 silly idealTree:prePrune ├── parseqs@0.0.2
126 silly idealTree:prePrune ├── parseuri@0.0.4
126 silly idealTree:prePrune ├── parseurl@1.3.0
126 silly idealTree:prePrune ├── path-to-regexp@0.1.7
126 silly idealTree:prePrune ├── proxy-addr@1.0.10
126 silly idealTree:prePrune ├─┬ pushbullet@1.4.3
126 silly idealTree:prePrune │ ├── mime-types@1.0.2
126 silly idealTree:prePrune │ ├── mime@1.2.11
126 silly idealTree:prePrune │ ├── qs@1.2.2
126 silly idealTree:prePrune │ └── request@2.44.0
126 silly idealTree:prePrune ├── qs@4.0.0
126 silly idealTree:prePrune ├── range-parser@1.0.3
126 silly idealTree:prePrune ├── readable-stream@1.0.33
126 silly idealTree:prePrune ├── request-json@0.4.13
126 silly idealTree:prePrune ├─┬ request@2.45.0
126 silly idealTree:prePrune │ ├── mime-types@1.0.2
126 silly idealTree:prePrune │ └── qs@1.2.2
126 silly idealTree:prePrune ├── send@0.13.0
126 silly idealTree:prePrune ├─┬ serialport@2.0.6
126 silly idealTree:prePrune │ ├── async@0.9.0
126 silly idealTree:prePrune │ ├─┬ node-pre-gyp-github@1.1.1
126 silly idealTree:prePrune │ │ ├─┬ commander@2.9.0
126 silly idealTree:prePrune │ │ │ └── graceful-readlink@1.0.1
126 silly idealTree:prePrune │ │ ├── github@0.2.4
126 silly idealTree:prePrune │ │ ├── mime@1.3.4
126 silly idealTree:prePrune │ │ └─┬ request@2.67.0
126 silly idealTree:prePrune │ │   ├── aws-sign2@0.6.0
126 silly idealTree:prePrune │ │   ├─┬ bl@1.0.0
126 silly idealTree:prePrune │ │   │ └─┬ readable-stream@2.0.5
126 silly idealTree:prePrune │ │   │   ├── core-util-is@1.0.2
126 silly idealTree:prePrune │ │   │   ├── inherits@2.0.1
126 silly idealTree:prePrune │ │   │   ├── isarray@0.0.1
126 silly idealTree:prePrune │ │   │   ├── process-nextick-args@1.0.6
126 silly idealTree:prePrune │ │   │   ├── string_decoder@0.10.31
126 silly idealTree:prePrune │ │   │   └── util-deprecate@1.0.2
126 silly idealTree:prePrune │ │   ├── caseless@0.11.0
126 silly idealTree:prePrune │ │   ├─┬ combined-stream@1.0.5
126 silly idealTree:prePrune │ │   │ └── delayed-stream@1.0.0
126 silly idealTree:prePrune │ │   ├── extend@3.0.0
126 silly idealTree:prePrune │ │   ├── forever-agent@0.6.1
126 silly idealTree:prePrune │ │   ├─┬ form-data@1.0.0-rc3
126 silly idealTree:prePrune │ │   │ └── async@1.5.0
126 silly idealTree:prePrune │ │   ├─┬ har-validator@2.0.3
126 silly idealTree:prePrune │ │   │ ├─┬ chalk@1.1.1
126 silly idealTree:prePrune │ │   │ │ ├── ansi-styles@2.1.0
126 silly idealTree:prePrune │ │   │ │ ├── escape-string-regexp@1.0.4
126 silly idealTree:prePrune │ │   │ │ ├─┬ has-ansi@2.0.0
126 silly idealTree:prePrune │ │   │ │ │ └── ansi-regex@2.0.0
126 silly idealTree:prePrune │ │   │ │ ├─┬ strip-ansi@3.0.0
126 silly idealTree:prePrune │ │   │ │ │ └── ansi-regex@2.0.0
126 silly idealTree:prePrune │ │   │ │ └── supports-color@2.0.0
126 silly idealTree:prePrune │ │   │ ├─┬ is-my-json-valid@2.12.3
126 silly idealTree:prePrune │ │   │ │ ├── generate-function@2.0.0
126 silly idealTree:prePrune │ │   │ │ ├─┬ generate-object-property@1.2.0
126 silly idealTree:prePrune │ │   │ │ │ └── is-property@1.0.2
126 silly idealTree:prePrune │ │   │ │ ├── jsonpointer@2.0.0
126 silly idealTree:prePrune │ │   │ │ └── xtend@4.0.1
126 silly idealTree:prePrune │ │   │ └─┬ pinkie-promise@2.0.0
126 silly idealTree:prePrune │ │   │   └── pinkie@2.0.1
126 silly idealTree:prePrune │ │   ├─┬ hawk@3.1.2
126 silly idealTree:prePrune │ │   │ ├── boom@2.10.1
126 silly idealTree:prePrune │ │   │ ├── cryptiles@2.0.5
126 silly idealTree:prePrune │ │   │ ├── hoek@2.16.3
126 silly idealTree:prePrune │ │   │ └── sntp@1.0.9
126 silly idealTree:prePrune │ │   ├─┬ http-signature@1.1.0
126 silly idealTree:prePrune │ │   │ ├── assert-plus@0.1.5
126 silly idealTree:prePrune │ │   │ ├─┬ jsprim@1.2.2
126 silly idealTree:prePrune │ │   │ │ ├── extsprintf@1.0.2
126 silly idealTree:prePrune │ │   │ │ ├── json-schema@0.2.2
126 silly idealTree:prePrune │ │   │ │ └── verror@1.3.6
126 silly idealTree:prePrune │ │   │ └─┬ sshpk@1.7.1
126 silly idealTree:prePrune │ │   │   ├── asn1@0.2.3
126 silly idealTree:prePrune │ │   │   ├── assert-plus@0.2.0
126 silly idealTree:prePrune │ │   │   ├─┬ dashdash@1.10.1
126 silly idealTree:prePrune │ │   │   │ └── assert-plus@0.1.5
126 silly idealTree:prePrune │ │   │   ├── ecc-jsbn@0.1.1
126 silly idealTree:prePrune │ │   │   ├── jodid25519@1.0.2
126 silly idealTree:prePrune │ │   │   ├── jsbn@0.1.0
126 silly idealTree:prePrune │ │   │   └── tweetnacl@0.13.2
126 silly idealTree:prePrune │ │   ├── is-typedarray@1.0.0
126 silly idealTree:prePrune │ │   ├── isstream@0.1.2
126 silly idealTree:prePrune │ │   ├── json-stringify-safe@5.0.1
126 silly idealTree:prePrune │ │   ├─┬ mime-types@2.1.8
126 silly idealTree:prePrune │ │   │ └── mime-db@1.20.0
126 silly idealTree:prePrune │ │   ├── node-uuid@1.4.7
126 silly idealTree:prePrune │ │   ├── oauth-sign@0.8.0
126 silly idealTree:prePrune │ │   ├── qs@5.2.0
126 silly idealTree:prePrune │ │   ├── stringstream@0.0.5
126 silly idealTree:prePrune │ │   ├── tough-cookie@2.2.1
126 silly idealTree:prePrune │ │   └── tunnel-agent@0.4.2
126 silly idealTree:prePrune │ └─┬ node-pre-gyp@0.6.18
126 silly idealTree:prePrune │   ├─┬ mkdirp@0.5.1
126 silly idealTree:prePrune │   │ └── minimist@0.0.8
126 silly idealTree:prePrune │   ├─┬ nopt@3.0.6
126 silly idealTree:prePrune │   │ └── abbrev@1.0.7
126 silly idealTree:prePrune │   ├─┬ npmlog@2.0.0
126 silly idealTree:prePrune │   │ ├── ansi@0.3.0
126 silly idealTree:prePrune │   │ ├─┬ are-we-there-yet@1.0.5
126 silly idealTree:prePrune │   │ │ ├── delegates@0.1.0
126 silly idealTree:prePrune │   │ │ └─┬ readable-stream@2.0.5
126 silly idealTree:prePrune │   │ │   ├── core-util-is@1.0.2
126 silly idealTree:prePrune │   │ │   ├── inherits@2.0.1
126 silly idealTree:prePrune │   │ │   ├── isarray@0.0.1
126 silly idealTree:prePrune │   │ │   ├── process-nextick-args@1.0.6
126 silly idealTree:prePrune │   │ │   ├── string_decoder@0.10.31
126 silly idealTree:prePrune │   │ │   └── util-deprecate@1.0.2
126 silly idealTree:prePrune │   │ └─┬ gauge@1.2.2
126 silly idealTree:prePrune │   │   ├── has-unicode@1.0.1
126 silly idealTree:prePrune │   │   ├─┬ lodash.pad@3.1.1
126 silly idealTree:prePrune │   │   │ ├── lodash._basetostring@3.0.1
126 silly idealTree:prePrune │   │   │ └─┬ lodash._createpadding@3.6.1
126 silly idealTree:prePrune │   │   │   └── lodash.repeat@3.0.1
126 silly idealTree:prePrune │   │   ├─┬ lodash.padleft@3.1.1
126 silly idealTree:prePrune │   │   │ ├── lodash._basetostring@3.0.1
126 silly idealTree:prePrune │   │   │ └─┬ lodash._createpadding@3.6.1
126 silly idealTree:prePrune │   │   │   └── lodash.repeat@3.0.1
126 silly idealTree:prePrune │   │   └─┬ lodash.padright@3.1.1
126 silly idealTree:prePrune │   │     ├── lodash._basetostring@3.0.1
126 silly idealTree:prePrune │   │     └─┬ lodash._createpadding@3.6.1
126 silly idealTree:prePrune │   │       └── lodash.repeat@3.0.1
126 silly idealTree:prePrune │   ├─┬ rc@1.1.5
126 silly idealTree:prePrune │   │ ├── deep-extend@0.4.0
126 silly idealTree:prePrune │   │ ├── ini@1.3.4
126 silly idealTree:prePrune │   │ ├── minimist@1.2.0
126 silly idealTree:prePrune │   │ └── strip-json-comments@1.0.4
126 silly idealTree:prePrune │   ├─┬ request@2.67.0
126 silly idealTree:prePrune │   │ ├── aws-sign2@0.6.0
126 silly idealTree:prePrune │   │ ├─┬ bl@1.0.0
126 silly idealTree:prePrune │   │ │ └─┬ readable-stream@2.0.5
126 silly idealTree:prePrune │   │ │   ├── core-util-is@1.0.2
126 silly idealTree:prePrune │   │ │   ├── inherits@2.0.1
126 silly idealTree:prePrune │   │ │   ├── isarray@0.0.1
126 silly idealTree:prePrune │   │ │   ├── process-nextick-args@1.0.6
126 silly idealTree:prePrune │   │ │   ├── string_decoder@0.10.31
126 silly idealTree:prePrune │   │ │   └── util-deprecate@1.0.2
126 silly idealTree:prePrune │   │ ├── caseless@0.11.0
126 silly idealTree:prePrune │   │ ├─┬ combined-stream@1.0.5
126 silly idealTree:prePrune │   │ │ └── delayed-stream@1.0.0
126 silly idealTree:prePrune │   │ ├── extend@3.0.0
126 silly idealTree:prePrune │   │ ├── forever-agent@0.6.1
126 silly idealTree:prePrune │   │ ├─┬ form-data@1.0.0-rc3
126 silly idealTree:prePrune │   │ │ └── async@1.5.0
126 silly idealTree:prePrune │   │ ├─┬ har-validator@2.0.3
126 silly idealTree:prePrune │   │ │ ├─┬ chalk@1.1.1
126 silly idealTree:prePrune │   │ │ │ ├── ansi-styles@2.1.0
126 silly idealTree:prePrune │   │ │ │ ├── escape-string-regexp@1.0.3
126 silly idealTree:prePrune │   │ │ │ ├─┬ has-ansi@2.0.0
126 silly idealTree:prePrune │   │ │ │ │ └── ansi-regex@2.0.0
126 silly idealTree:prePrune │   │ │ │ ├─┬ strip-ansi@3.0.0
126 silly idealTree:prePrune │   │ │ │ │ └── ansi-regex@2.0.0
126 silly idealTree:prePrune │   │ │ │ └── supports-color@2.0.0
126 silly idealTree:prePrune │   │ │ ├─┬ commander@2.9.0
126 silly idealTree:prePrune │   │ │ │ └── graceful-readlink@1.0.1
126 silly idealTree:prePrune │   │ │ ├─┬ is-my-json-valid@2.12.3
126 silly idealTree:prePrune │   │ │ │ ├── generate-function@2.0.0
126 silly idealTree:prePrune │   │ │ │ ├─┬ generate-object-property@1.2.0
126 silly idealTree:prePrune │   │ │ │ │ └── is-property@1.0.2
126 silly idealTree:prePrune │   │ │ │ ├── jsonpointer@2.0.0
126 silly idealTree:prePrune │   │ │ │ └── xtend@4.0.1
126 silly idealTree:prePrune │   │ │ └─┬ pinkie-promise@2.0.0
126 silly idealTree:prePrune │   │ │   └── pinkie@2.0.1
126 silly idealTree:prePrune │   │ ├─┬ hawk@3.1.2
126 silly idealTree:prePrune │   │ │ ├── boom@2.10.1
126 silly idealTree:prePrune │   │ │ ├── cryptiles@2.0.5
126 silly idealTree:prePrune │   │ │ ├── hoek@2.16.3
126 silly idealTree:prePrune │   │ │ └── sntp@1.0.9
126 silly idealTree:prePrune │   │ ├─┬ http-signature@1.1.0
126 silly idealTree:prePrune │   │ │ ├── assert-plus@0.1.5
126 silly idealTree:prePrune │   │ │ ├─┬ jsprim@1.2.2
126 silly idealTree:prePrune │   │ │ │ ├── extsprintf@1.0.2
126 silly idealTree:prePrune │   │ │ │ ├── json-schema@0.2.2
126 silly idealTree:prePrune │   │ │ │ └── verror@1.3.6
126 silly idealTree:prePrune │   │ │ └─┬ sshpk@1.7.1
126 silly idealTree:prePrune │   │ │   ├── asn1@0.2.3
126 silly idealTree:prePrune │   │ │   ├── assert-plus@0.2.0
126 silly idealTree:prePrune │   │ │   ├─┬ dashdash@1.10.1
126 silly idealTree:prePrune │   │ │   │ └── assert-plus@0.1.5
126 silly idealTree:prePrune │   │ │   ├── ecc-jsbn@0.1.1
126 silly idealTree:prePrune │   │ │   ├── jodid25519@1.0.2
126 silly idealTree:prePrune │   │ │   ├── jsbn@0.1.0
126 silly idealTree:prePrune │   │ │   └── tweetnacl@0.13.2
126 silly idealTree:prePrune │   │ ├── is-typedarray@1.0.0
126 silly idealTree:prePrune │   │ ├── isstream@0.1.2
126 silly idealTree:prePrune │   │ ├── json-stringify-safe@5.0.1
126 silly idealTree:prePrune │   │ ├─┬ mime-types@2.1.8
126 silly idealTree:prePrune │   │ │ └── mime-db@1.20.0
126 silly idealTree:prePrune │   │ ├── node-uuid@1.4.7
126 silly idealTree:prePrune │   │ ├── oauth-sign@0.8.0
126 silly idealTree:prePrune │   │ ├── qs@5.2.0
126 silly idealTree:prePrune │   │ ├── stringstream@0.0.5
126 silly idealTree:prePrune │   │ ├── tough-cookie@2.2.1
126 silly idealTree:prePrune │   │ └── tunnel-agent@0.4.2
126 silly idealTree:prePrune │   ├─┬ rimraf@2.4.4
126 silly idealTree:prePrune │   │ └─┬ glob@5.0.15
126 silly idealTree:prePrune │   │   ├─┬ inflight@1.0.4
126 silly idealTree:prePrune │   │   │ └── wrappy@1.0.1
126 silly idealTree:prePrune │   │   ├── inherits@2.0.1
126 silly idealTree:prePrune │   │   ├─┬ minimatch@3.0.0
126 silly idealTree:prePrune │   │   │ └─┬ brace-expansion@1.1.2
126 silly idealTree:prePrune │   │   │   ├── balanced-match@0.3.0
126 silly idealTree:prePrune │   │   │   └── concat-map@0.0.1
126 silly idealTree:prePrune │   │   ├─┬ once@1.3.3
126 silly idealTree:prePrune │   │   │ └── wrappy@1.0.1
126 silly idealTree:prePrune │   │   └── path-is-absolute@1.0.0
126 silly idealTree:prePrune │   ├── semver@5.1.0
126 silly idealTree:prePrune │   ├─┬ tar-pack@3.1.2
126 silly idealTree:prePrune │   │ ├── debug@0.7.4
126 silly idealTree:prePrune │   │ ├─┬ fstream-ignore@1.0.3
126 silly idealTree:prePrune │   │ │ ├── inherits@2.0.1
126 silly idealTree:prePrune │   │ │ └─┬ minimatch@3.0.0
126 silly idealTree:prePrune │   │ │   └─┬ brace-expansion@1.1.2
126 silly idealTree:prePrune │   │ │     ├── balanced-match@0.3.0
126 silly idealTree:prePrune │   │ │     └── concat-map@0.0.1
126 silly idealTree:prePrune │   │ ├─┬ fstream@1.0.8
126 silly idealTree:prePrune │   │ │ ├── graceful-fs@4.1.2
126 silly idealTree:prePrune │   │ │ └── inherits@2.0.1
126 silly idealTree:prePrune │   │ ├── once@1.1.1
126 silly idealTree:prePrune │   │ ├─┬ readable-stream@2.0.5
126 silly idealTree:prePrune │   │ │ ├── core-util-is@1.0.2
126 silly idealTree:prePrune │   │ │ ├── inherits@2.0.1
126 silly idealTree:prePrune │   │ │ ├── isarray@0.0.1
126 silly idealTree:prePrune │   │ │ ├── process-nextick-args@1.0.6
126 silly idealTree:prePrune │   │ │ ├── string_decoder@0.10.31
126 silly idealTree:prePrune │   │ │ └── util-deprecate@1.0.2
126 silly idealTree:prePrune │   │ └── uid-number@0.0.3
126 silly idealTree:prePrune │   └─┬ tar@2.2.1
126 silly idealTree:prePrune │     ├── block-stream@0.0.8
126 silly idealTree:prePrune │     ├─┬ fstream@1.0.8
126 silly idealTree:prePrune │     │ └── graceful-fs@4.1.2
126 silly idealTree:prePrune │     └── inherits@2.0.1
126 silly idealTree:prePrune ├── serve-static@1.10.0
126 silly idealTree:prePrune ├── sf@0.1.7
126 silly idealTree:prePrune ├── sntp@0.2.4
126 silly idealTree:prePrune ├─┬ socket.io-adapter@0.4.0
126 silly idealTree:prePrune │ └─┬ socket.io-parser@2.2.2
126 silly idealTree:prePrune │   └── debug@0.7.4
126 silly idealTree:prePrune ├─┬ socket.io-client@1.4.0
126 silly idealTree:prePrune │ ├── component-emitter@1.2.0
126 silly idealTree:prePrune │ ├── json3@3.3.2
126 silly idealTree:prePrune │ └─┬ socket.io-parser@2.2.5
126 silly idealTree:prePrune │   └── component-emitter@1.1.2
126 silly idealTree:prePrune ├─┬ socket.io-parser@2.2.6
126 silly idealTree:prePrune │ └── json3@3.3.2
126 silly idealTree:prePrune ├── socket.io@1.4.0
126 silly idealTree:prePrune ├── statuses@1.2.1
126 silly idealTree:prePrune ├── string_decoder@0.10.31
126 silly idealTree:prePrune ├── stringstream@0.0.5
126 silly idealTree:prePrune ├── strip-ansi@3.0.0
126 silly idealTree:prePrune ├── supports-color@2.0.0
126 silly idealTree:prePrune ├── temporal@0.5.0
126 silly idealTree:prePrune ├── time@0.11.4
126 silly idealTree:prePrune ├── to-array@0.1.3
126 silly idealTree:prePrune ├── tough-cookie@2.2.1
126 silly idealTree:prePrune ├── tunnel-agent@0.4.2
126 silly idealTree:prePrune ├── type-is@1.6.10
126 silly idealTree:prePrune ├── typedarray-to-buffer@3.0.4
126 silly idealTree:prePrune ├── ultron@1.0.2
126 silly idealTree:prePrune ├── unpipe@1.0.0
126 silly idealTree:prePrune ├── utf-8-validate@1.2.1
126 silly idealTree:prePrune ├── utf8@2.1.0
126 silly idealTree:prePrune ├── utils-merge@1.0.0
126 silly idealTree:prePrune ├── vary@1.0.1
126 silly idealTree:prePrune ├── websocket@1.0.22
126 silly idealTree:prePrune ├── wordwrap@0.0.3
126 silly idealTree:prePrune ├── ws@1.0.1
126 silly idealTree:prePrune ├── xmlhttprequest-ssl@1.5.1
126 silly idealTree:prePrune ├── yaeti@0.0.4
126 silly idealTree:prePrune └── yeast@0.1.2
127 silly loadIdealTree Finishing
128 silly currentTree lite_auto@1.0.0
128 silly currentTree ├── accepts@1.2.13
128 silly currentTree ├── after@0.8.1
128 silly currentTree ├── ansi-regex@2.0.0
128 silly currentTree ├── ansi-styles@2.1.0
128 silly currentTree ├── array-flatten@1.1.1
128 silly currentTree ├── array-includes@3.0.1
128 silly currentTree ├── arraybuffer.slice@0.0.6
128 silly currentTree ├── asn1@0.1.11
128 silly currentTree ├── assert-plus@0.1.5
128 silly currentTree ├── async@0.9.2
128 silly currentTree ├── aws-sign2@0.5.0
128 silly currentTree ├── backo2@1.0.2
128 silly currentTree ├── base64-arraybuffer@0.1.2
128 silly currentTree ├── base64id@0.1.0
128 silly currentTree ├── benchmark@1.0.0
128 silly currentTree ├── better-assert@1.0.2
128 silly currentTree ├── bindings@1.2.1
128 silly currentTree ├── bl@0.9.4
128 silly currentTree ├── blob@0.0.4
128 silly currentTree ├── boom@0.4.2
128 silly currentTree ├── browser-serialport@2.0.3
128 silly currentTree ├── callsite@1.0.0
128 silly currentTree ├── caseless@0.6.0
128 silly currentTree ├── chalk@1.1.1
128 silly currentTree ├── color-convert@0.5.3
128 silly currentTree ├── combined-stream@0.0.7
128 silly currentTree ├── component-bind@1.0.0
128 silly currentTree ├── component-emitter@1.1.2
128 silly currentTree ├── component-inherit@0.0.3
128 silly currentTree ├── content-disposition@0.5.0
128 silly currentTree ├── content-type@1.0.1
128 silly currentTree ├── cookie-signature@1.0.6
128 silly currentTree ├── cookie@0.1.3
128 silly currentTree ├── core-util-is@1.0.2
128 silly currentTree ├── cryptiles@0.2.2
128 silly currentTree ├── ctype@0.5.3
128 silly currentTree ├── debug@2.2.0
128 silly currentTree ├── define-properties@1.1.2
128 silly currentTree ├── delayed-stream@0.0.5
128 silly currentTree ├── depd@1.0.1
128 silly currentTree ├── descriptor@0.1.0
128 silly currentTree ├── destroy@1.0.3
128 silly currentTree ├── ease-component@1.0.0
128 silly currentTree ├── ee-first@1.1.1
128 silly currentTree ├─┬ engine.io-client@1.6.4
128 silly currentTree │ └── ws@0.8.1
128 silly currentTree ├─┬ engine.io-parser@1.2.4
128 silly currentTree │ └── has-binary@0.1.6
128 silly currentTree ├─┬ engine.io@1.6.5
128 silly currentTree │ ├── accepts@1.1.4
128 silly currentTree │ ├── mime-db@1.12.0
128 silly currentTree │ ├── mime-types@2.0.14
128 silly currentTree │ └── negotiator@0.4.9
128 silly currentTree ├── es-abstract@1.5.0
128 silly currentTree ├── es-to-primitive@1.1.1
128 silly currentTree ├── es6-shim@0.34.1
128 silly currentTree ├── escape-html@1.0.2
128 silly currentTree ├── escape-string-regexp@1.0.4
128 silly currentTree ├── etag@1.7.0
128 silly currentTree ├── express@4.13.3
128 silly currentTree ├── finalhandler@0.4.0
128 silly currentTree ├─┬ firmata@0.7.4
128 silly currentTree │ └── es6-shim@0.33.13
128 silly currentTree ├── foreach@2.0.5
128 silly currentTree ├── forecast@0.2.1
128 silly currentTree ├── forever-agent@0.5.2
128 silly currentTree ├─┬ form-data@0.1.4
128 silly currentTree │ └── mime@1.2.11
128 silly currentTree ├── forwarded@0.1.0
128 silly currentTree ├── fresh@0.3.0
128 silly currentTree ├── function-bind@1.0.2
128 silly currentTree ├── has-ansi@2.0.0
128 silly currentTree ├── has-binary@0.1.7
128 silly currentTree ├── has-cors@1.1.0
128 silly currentTree ├── hawk@1.1.1
128 silly currentTree ├── hoek@0.9.1
128 silly currentTree ├── http-errors@1.3.1
128 silly currentTree ├── http-signature@0.10.1
128 silly currentTree ├── indexof@0.0.1
128 silly currentTree ├── inherits@2.0.1
128 silly currentTree ├── ipaddr.js@1.0.5
128 silly currentTree ├── is-callable@1.1.1
128 silly currentTree ├── is-date-object@1.0.1
128 silly currentTree ├── is-regex@1.0.3
128 silly currentTree ├── is-symbol@1.0.1
128 silly currentTree ├── is-typedarray@1.0.0
128 silly currentTree ├── isarray@0.0.1
128 silly currentTree ├── johnny-five@0.9.17
128 silly currentTree ├── json-stringify-safe@5.0.1
128 silly currentTree ├── json3@3.2.6
128 silly currentTree ├── lodash-node@2.4.1
128 silly currentTree ├── lodash@3.10.1
128 silly currentTree ├── media-typer@0.3.0
128 silly currentTree ├── merge-descriptors@1.0.0
128 silly currentTree ├── methods@1.1.1
128 silly currentTree ├── mime-db@1.21.0
128 silly currentTree ├── mime-types@2.1.9
128 silly currentTree ├── mime@1.3.4
128 silly currentTree ├── minimist@0.0.10
128 silly currentTree ├── moment@2.11.0
128 silly currentTree ├── ms@0.7.1
128 silly currentTree ├── nan@2.0.9
128 silly currentTree ├── nanotimer@0.3.10
128 silly currentTree ├── negotiator@0.5.3
128 silly currentTree ├── node-uuid@1.4.7
128 silly currentTree ├── oauth-sign@0.4.0
128 silly currentTree ├── object-component@0.0.3
128 silly currentTree ├── object-keys@1.0.9
128 silly currentTree ├── on-finished@2.3.0
128 silly currentTree ├── optimist@0.6.1
128 silly currentTree ├── options@0.0.6
128 silly currentTree ├── parsejson@0.0.1
128 silly currentTree ├── parseqs@0.0.2
128 silly currentTree ├── parseuri@0.0.4
128 silly currentTree ├── parseurl@1.3.0
128 silly currentTree ├── path-to-regexp@0.1.7
128 silly currentTree ├── proxy-addr@1.0.10
128 silly currentTree ├─┬ pushbullet@1.4.3
128 silly currentTree │ ├── mime-types@1.0.2
128 silly currentTree │ ├── mime@1.2.11
128 silly currentTree │ ├── qs@1.2.2
128 silly currentTree │ └── request@2.44.0
128 silly currentTree ├── qs@4.0.0
128 silly currentTree ├── range-parser@1.0.3
128 silly currentTree ├── readable-stream@1.0.33
128 silly currentTree ├── request-json@0.4.13
128 silly currentTree ├─┬ request@2.45.0
128 silly currentTree │ ├── mime-types@1.0.2
128 silly currentTree │ └── qs@1.2.2
128 silly currentTree ├── send@0.13.0
128 silly currentTree ├─┬ serialport@2.0.6
128 silly currentTree │ ├── async@0.9.0
128 silly currentTree │ ├─┬ node-pre-gyp-github@1.1.1
128 silly currentTree │ │ ├─┬ commander@2.9.0
128 silly currentTree │ │ │ └── graceful-readlink@1.0.1
128 silly currentTree │ │ ├── github@0.2.4
128 silly currentTree │ │ ├── mime@1.3.4
128 silly currentTree │ │ └─┬ request@2.67.0
128 silly currentTree │ │   ├── aws-sign2@0.6.0
128 silly currentTree │ │   ├─┬ bl@1.0.0
128 silly currentTree │ │   │ └─┬ readable-stream@2.0.5
128 silly currentTree │ │   │   ├── core-util-is@1.0.2
128 silly currentTree │ │   │   ├── inherits@2.0.1
128 silly currentTree │ │   │   ├── isarray@0.0.1
128 silly currentTree │ │   │   ├── process-nextick-args@1.0.6
128 silly currentTree │ │   │   ├── string_decoder@0.10.31
128 silly currentTree │ │   │   └── util-deprecate@1.0.2
128 silly currentTree │ │   ├── caseless@0.11.0
128 silly currentTree │ │   ├─┬ combined-stream@1.0.5
128 silly currentTree │ │   │ └── delayed-stream@1.0.0
128 silly currentTree │ │   ├── extend@3.0.0
128 silly currentTree │ │   ├── forever-agent@0.6.1
128 silly currentTree │ │   ├─┬ form-data@1.0.0-rc3
128 silly currentTree │ │   │ └── async@1.5.0
128 silly currentTree │ │   ├─┬ har-validator@2.0.3
128 silly currentTree │ │   │ ├─┬ chalk@1.1.1
128 silly currentTree │ │   │ │ ├── ansi-styles@2.1.0
128 silly currentTree │ │   │ │ ├── escape-string-regexp@1.0.4
128 silly currentTree │ │   │ │ ├─┬ has-ansi@2.0.0
128 silly currentTree │ │   │ │ │ └── ansi-regex@2.0.0
128 silly currentTree │ │   │ │ ├─┬ strip-ansi@3.0.0
128 silly currentTree │ │   │ │ │ └── ansi-regex@2.0.0
128 silly currentTree │ │   │ │ └── supports-color@2.0.0
128 silly currentTree │ │   │ ├─┬ is-my-json-valid@2.12.3
128 silly currentTree │ │   │ │ ├── generate-function@2.0.0
128 silly currentTree │ │   │ │ ├─┬ generate-object-property@1.2.0
128 silly currentTree │ │   │ │ │ └── is-property@1.0.2
128 silly currentTree │ │   │ │ ├── jsonpointer@2.0.0
128 silly currentTree │ │   │ │ └── xtend@4.0.1
128 silly currentTree │ │   │ └─┬ pinkie-promise@2.0.0
128 silly currentTree │ │   │   └── pinkie@2.0.1
128 silly currentTree │ │   ├─┬ hawk@3.1.2
128 silly currentTree │ │   │ ├── boom@2.10.1
128 silly currentTree │ │   │ ├── cryptiles@2.0.5
128 silly currentTree │ │   │ ├── hoek@2.16.3
128 silly currentTree │ │   │ └── sntp@1.0.9
128 silly currentTree │ │   ├─┬ http-signature@1.1.0
128 silly currentTree │ │   │ ├── assert-plus@0.1.5
128 silly currentTree │ │   │ ├─┬ jsprim@1.2.2
128 silly currentTree │ │   │ │ ├── extsprintf@1.0.2
128 silly currentTree │ │   │ │ ├── json-schema@0.2.2
128 silly currentTree │ │   │ │ └── verror@1.3.6
128 silly currentTree │ │   │ └─┬ sshpk@1.7.1
128 silly currentTree │ │   │   ├── asn1@0.2.3
128 silly currentTree │ │   │   ├── assert-plus@0.2.0
128 silly currentTree │ │   │   ├─┬ dashdash@1.10.1
128 silly currentTree │ │   │   │ └── assert-plus@0.1.5
128 silly currentTree │ │   │   ├── ecc-jsbn@0.1.1
128 silly currentTree │ │   │   ├── jodid25519@1.0.2
128 silly currentTree │ │   │   ├── jsbn@0.1.0
128 silly currentTree │ │   │   └── tweetnacl@0.13.2
128 silly currentTree │ │   ├── is-typedarray@1.0.0
128 silly currentTree │ │   ├── isstream@0.1.2
128 silly currentTree │ │   ├── json-stringify-safe@5.0.1
128 silly currentTree │ │   ├─┬ mime-types@2.1.8
128 silly currentTree │ │   │ └── mime-db@1.20.0
128 silly currentTree │ │   ├── node-uuid@1.4.7
128 silly currentTree │ │   ├── oauth-sign@0.8.0
128 silly currentTree │ │   ├── qs@5.2.0
128 silly currentTree │ │   ├── stringstream@0.0.5
128 silly currentTree │ │   ├── tough-cookie@2.2.1
128 silly currentTree │ │   └── tunnel-agent@0.4.2
128 silly currentTree │ └─┬ node-pre-gyp@0.6.18
128 silly currentTree │   ├─┬ mkdirp@0.5.1
128 silly currentTree │   │ └── minimist@0.0.8
128 silly currentTree │   ├─┬ nopt@3.0.6
128 silly currentTree │   │ └── abbrev@1.0.7
128 silly currentTree │   ├─┬ npmlog@2.0.0
128 silly currentTree │   │ ├── ansi@0.3.0
128 silly currentTree │   │ ├─┬ are-we-there-yet@1.0.5
128 silly currentTree │   │ │ ├── delegates@0.1.0
128 silly currentTree │   │ │ └─┬ readable-stream@2.0.5
128 silly currentTree │   │ │   ├── core-util-is@1.0.2
128 silly currentTree │   │ │   ├── inherits@2.0.1
128 silly currentTree │   │ │   ├── isarray@0.0.1
128 silly currentTree │   │ │   ├── process-nextick-args@1.0.6
128 silly currentTree │   │ │   ├── string_decoder@0.10.31
128 silly currentTree │   │ │   └── util-deprecate@1.0.2
128 silly currentTree │   │ └─┬ gauge@1.2.2
128 silly currentTree │   │   ├── has-unicode@1.0.1
128 silly currentTree │   │   ├─┬ lodash.pad@3.1.1
128 silly currentTree │   │   │ ├── lodash._basetostring@3.0.1
128 silly currentTree │   │   │ └─┬ lodash._createpadding@3.6.1
128 silly currentTree │   │   │   └── lodash.repeat@3.0.1
128 silly currentTree │   │   ├─┬ lodash.padleft@3.1.1
128 silly currentTree │   │   │ ├── lodash._basetostring@3.0.1
128 silly currentTree │   │   │ └─┬ lodash._createpadding@3.6.1
128 silly currentTree │   │   │   └── lodash.repeat@3.0.1
128 silly currentTree │   │   └─┬ lodash.padright@3.1.1
128 silly currentTree │   │     ├── lodash._basetostring@3.0.1
128 silly currentTree │   │     └─┬ lodash._createpadding@3.6.1
128 silly currentTree │   │       └── lodash.repeat@3.0.1
128 silly currentTree │   ├─┬ rc@1.1.5
128 silly currentTree │   │ ├── deep-extend@0.4.0
128 silly currentTree │   │ ├── ini@1.3.4
128 silly currentTree │   │ ├── minimist@1.2.0
128 silly currentTree │   │ └── strip-json-comments@1.0.4
128 silly currentTree │   ├─┬ request@2.67.0
128 silly currentTree │   │ ├── aws-sign2@0.6.0
128 silly currentTree │   │ ├─┬ bl@1.0.0
128 silly currentTree │   │ │ └─┬ readable-stream@2.0.5
128 silly currentTree │   │ │   ├── core-util-is@1.0.2
128 silly currentTree │   │ │   ├── inherits@2.0.1
128 silly currentTree │   │ │   ├── isarray@0.0.1
128 silly currentTree │   │ │   ├── process-nextick-args@1.0.6
128 silly currentTree │   │ │   ├── string_decoder@0.10.31
128 silly currentTree │   │ │   └── util-deprecate@1.0.2
128 silly currentTree │   │ ├── caseless@0.11.0
128 silly currentTree │   │ ├─┬ combined-stream@1.0.5
128 silly currentTree │   │ │ └── delayed-stream@1.0.0
128 silly currentTree │   │ ├── extend@3.0.0
128 silly currentTree │   │ ├── forever-agent@0.6.1
128 silly currentTree │   │ ├─┬ form-data@1.0.0-rc3
128 silly currentTree │   │ │ └── async@1.5.0
128 silly currentTree │   │ ├─┬ har-validator@2.0.3
128 silly currentTree │   │ │ ├─┬ chalk@1.1.1
128 silly currentTree │   │ │ │ ├── ansi-styles@2.1.0
128 silly currentTree │   │ │ │ ├── escape-string-regexp@1.0.3
128 silly currentTree │   │ │ │ ├─┬ has-ansi@2.0.0
128 silly currentTree │   │ │ │ │ └── ansi-regex@2.0.0
128 silly currentTree │   │ │ │ ├─┬ strip-ansi@3.0.0
128 silly currentTree │   │ │ │ │ └── ansi-regex@2.0.0
128 silly currentTree │   │ │ │ └── supports-color@2.0.0
128 silly currentTree │   │ │ ├─┬ commander@2.9.0
128 silly currentTree │   │ │ │ └── graceful-readlink@1.0.1
128 silly currentTree │   │ │ ├─┬ is-my-json-valid@2.12.3
128 silly currentTree │   │ │ │ ├── generate-function@2.0.0
128 silly currentTree │   │ │ │ ├─┬ generate-object-property@1.2.0
128 silly currentTree │   │ │ │ │ └── is-property@1.0.2
128 silly currentTree │   │ │ │ ├── jsonpointer@2.0.0
128 silly currentTree │   │ │ │ └── xtend@4.0.1
128 silly currentTree │   │ │ └─┬ pinkie-promise@2.0.0
128 silly currentTree │   │ │   └── pinkie@2.0.1
128 silly currentTree │   │ ├─┬ hawk@3.1.2
128 silly currentTree │   │ │ ├── boom@2.10.1
128 silly currentTree │   │ │ ├── cryptiles@2.0.5
128 silly currentTree │   │ │ ├── hoek@2.16.3
128 silly currentTree │   │ │ └── sntp@1.0.9
128 silly currentTree │   │ ├─┬ http-signature@1.1.0
128 silly currentTree │   │ │ ├── assert-plus@0.1.5
128 silly currentTree │   │ │ ├─┬ jsprim@1.2.2
128 silly currentTree │   │ │ │ ├── extsprintf@1.0.2
128 silly currentTree │   │ │ │ ├── json-schema@0.2.2
128 silly currentTree │   │ │ │ └── verror@1.3.6
128 silly currentTree │   │ │ └─┬ sshpk@1.7.1
128 silly currentTree │   │ │   ├── asn1@0.2.3
128 silly currentTree │   │ │   ├── assert-plus@0.2.0
128 silly currentTree │   │ │   ├─┬ dashdash@1.10.1
128 silly currentTree │   │ │   │ └── assert-plus@0.1.5
128 silly currentTree │   │ │   ├── ecc-jsbn@0.1.1
128 silly currentTree │   │ │   ├── jodid25519@1.0.2
128 silly currentTree │   │ │   ├── jsbn@0.1.0
128 silly currentTree │   │ │   └── tweetnacl@0.13.2
128 silly currentTree │   │ ├── is-typedarray@1.0.0
128 silly currentTree │   │ ├── isstream@0.1.2
128 silly currentTree │   │ ├── json-stringify-safe@5.0.1
128 silly currentTree │   │ ├─┬ mime-types@2.1.8
128 silly currentTree │   │ │ └── mime-db@1.20.0
128 silly currentTree │   │ ├── node-uuid@1.4.7
128 silly currentTree │   │ ├── oauth-sign@0.8.0
128 silly currentTree │   │ ├── qs@5.2.0
128 silly currentTree │   │ ├── stringstream@0.0.5
128 silly currentTree │   │ ├── tough-cookie@2.2.1
128 silly currentTree │   │ └── tunnel-agent@0.4.2
128 silly currentTree │   ├─┬ rimraf@2.4.4
128 silly currentTree │   │ └─┬ glob@5.0.15
128 silly currentTree │   │   ├─┬ inflight@1.0.4
128 silly currentTree │   │   │ └── wrappy@1.0.1
128 silly currentTree │   │   ├── inherits@2.0.1
128 silly currentTree │   │   ├─┬ minimatch@3.0.0
128 silly currentTree │   │   │ └─┬ brace-expansion@1.1.2
128 silly currentTree │   │   │   ├── balanced-match@0.3.0
128 silly currentTree │   │   │   └── concat-map@0.0.1
128 silly currentTree │   │   ├─┬ once@1.3.3
128 silly currentTree │   │   │ └── wrappy@1.0.1
128 silly currentTree │   │   └── path-is-absolute@1.0.0
128 silly currentTree │   ├── semver@5.1.0
128 silly currentTree │   ├─┬ tar-pack@3.1.2
128 silly currentTree │   │ ├── debug@0.7.4
128 silly currentTree │   │ ├─┬ fstream-ignore@1.0.3
128 silly currentTree │   │ │ ├── inherits@2.0.1
128 silly currentTree │   │ │ └─┬ minimatch@3.0.0
128 silly currentTree │   │ │   └─┬ brace-expansion@1.1.2
128 silly currentTree │   │ │     ├── balanced-match@0.3.0
128 silly currentTree │   │ │     └── concat-map@0.0.1
128 silly currentTree │   │ ├─┬ fstream@1.0.8
128 silly currentTree │   │ │ ├── graceful-fs@4.1.2
128 silly currentTree │   │ │ └── inherits@2.0.1
128 silly currentTree │   │ ├── once@1.1.1
128 silly currentTree │   │ ├─┬ readable-stream@2.0.5
128 silly currentTree │   │ │ ├── core-util-is@1.0.2
128 silly currentTree │   │ │ ├── inherits@2.0.1
128 silly currentTree │   │ │ ├── isarray@0.0.1
128 silly currentTree │   │ │ ├── process-nextick-args@1.0.6
128 silly currentTree │   │ │ ├── string_decoder@0.10.31
128 silly currentTree │   │ │ └── util-deprecate@1.0.2
128 silly currentTree │   │ └── uid-number@0.0.3
128 silly currentTree │   └─┬ tar@2.2.1
128 silly currentTree │     ├── block-stream@0.0.8
128 silly currentTree │     ├─┬ fstream@1.0.8
128 silly currentTree │     │ └── graceful-fs@4.1.2
128 silly currentTree │     └── inherits@2.0.1
128 silly currentTree ├── serve-static@1.10.0
128 silly currentTree ├── sf@0.1.7
128 silly currentTree ├── sntp@0.2.4
128 silly currentTree ├─┬ socket.io-adapter@0.4.0
128 silly currentTree │ └─┬ socket.io-parser@2.2.2
128 silly currentTree │   └── debug@0.7.4
128 silly currentTree ├─┬ socket.io-client@1.4.0
128 silly currentTree │ ├── component-emitter@1.2.0
128 silly currentTree │ ├── json3@3.3.2
128 silly currentTree │ └─┬ socket.io-parser@2.2.5
128 silly currentTree │   └── component-emitter@1.1.2
128 silly currentTree ├─┬ socket.io-parser@2.2.6
128 silly currentTree │ └── json3@3.3.2
128 silly currentTree ├── socket.io@1.4.0
128 silly currentTree ├── statuses@1.2.1
128 silly currentTree ├── string_decoder@0.10.31
128 silly currentTree ├── stringstream@0.0.5
128 silly currentTree ├── strip-ansi@3.0.0
128 silly currentTree ├── supports-color@2.0.0
128 silly currentTree ├── temporal@0.5.0
128 silly currentTree ├── to-array@0.1.3
128 silly currentTree ├── tough-cookie@2.2.1
128 silly currentTree ├── tunnel-agent@0.4.2
128 silly currentTree ├── type-is@1.6.10
128 silly currentTree ├── typedarray-to-buffer@3.0.4
128 silly currentTree ├── ultron@1.0.2
128 silly currentTree ├── unpipe@1.0.0
128 silly currentTree ├── utf8@2.1.0
128 silly currentTree ├── utils-merge@1.0.0
128 silly currentTree ├── vary@1.0.1
128 silly currentTree ├── websocket@1.0.22
128 silly currentTree ├── wordwrap@0.0.3
128 silly currentTree ├── ws@1.0.1
128 silly currentTree ├── xmlhttprequest-ssl@1.5.1
128 silly currentTree ├── yaeti@0.0.4
128 silly currentTree └── yeast@0.1.2
129 silly idealTree lite_auto@1.0.0
129 silly idealTree ├── accepts@1.2.13
129 silly idealTree ├── after@0.8.1
129 silly idealTree ├── ansi-regex@2.0.0
129 silly idealTree ├── ansi-styles@2.1.0
129 silly idealTree ├── array-flatten@1.1.1
129 silly idealTree ├── array-includes@3.0.1
129 silly idealTree ├── arraybuffer.slice@0.0.6
129 silly idealTree ├── asn1@0.1.11
129 silly idealTree ├── assert-plus@0.1.5
129 silly idealTree ├── async@0.9.2
129 silly idealTree ├── aws-sign2@0.5.0
129 silly idealTree ├── backo2@1.0.2
129 silly idealTree ├── base64-arraybuffer@0.1.2
129 silly idealTree ├── base64id@0.1.0
129 silly idealTree ├── benchmark@1.0.0
129 silly idealTree ├── better-assert@1.0.2
129 silly idealTree ├── bindings@1.2.1
129 silly idealTree ├── bl@0.9.4
129 silly idealTree ├── blob@0.0.4
129 silly idealTree ├── boom@0.4.2
129 silly idealTree ├── browser-serialport@2.0.3
129 silly idealTree ├── bufferutil@1.2.1
129 silly idealTree ├── callsite@1.0.0
129 silly idealTree ├── caseless@0.6.0
129 silly idealTree ├── chalk@1.1.1
129 silly idealTree ├── color-convert@0.5.3
129 silly idealTree ├── combined-stream@0.0.7
129 silly idealTree ├── component-bind@1.0.0
129 silly idealTree ├── component-emitter@1.1.2
129 silly idealTree ├── component-inherit@0.0.3
129 silly idealTree ├── content-disposition@0.5.0
129 silly idealTree ├── content-type@1.0.1
129 silly idealTree ├── cookie-signature@1.0.6
129 silly idealTree ├── cookie@0.1.3
129 silly idealTree ├── core-util-is@1.0.2
129 silly idealTree ├── cryptiles@0.2.2
129 silly idealTree ├── ctype@0.5.3
129 silly idealTree ├── debug@2.2.0
129 silly idealTree ├── define-properties@1.1.2
129 silly idealTree ├── delayed-stream@0.0.5
129 silly idealTree ├── depd@1.0.1
129 silly idealTree ├── descriptor@0.1.0
129 silly idealTree ├── destroy@1.0.3
129 silly idealTree ├── ease-component@1.0.0
129 silly idealTree ├── ee-first@1.1.1
129 silly idealTree ├─┬ engine.io-client@1.6.4
129 silly idealTree │ └── ws@0.8.1
129 silly idealTree ├─┬ engine.io-parser@1.2.4
129 silly idealTree │ └── has-binary@0.1.6
129 silly idealTree ├─┬ engine.io@1.6.5
129 silly idealTree │ ├── accepts@1.1.4
129 silly idealTree │ ├── mime-db@1.12.0
129 silly idealTree │ ├── mime-types@2.0.14
129 silly idealTree │ └── negotiator@0.4.9
129 silly idealTree ├── es-abstract@1.5.0
129 silly idealTree ├── es-to-primitive@1.1.1
129 silly idealTree ├── es6-shim@0.34.1
129 silly idealTree ├── escape-html@1.0.2
129 silly idealTree ├── escape-string-regexp@1.0.4
129 silly idealTree ├── etag@1.7.0
129 silly idealTree ├── express@4.13.3
129 silly idealTree ├── finalhandler@0.4.0
129 silly idealTree ├─┬ firmata@0.7.4
129 silly idealTree │ └── es6-shim@0.33.13
129 silly idealTree ├── foreach@2.0.5
129 silly idealTree ├── forecast@0.2.1
129 silly idealTree ├── forever-agent@0.5.2
129 silly idealTree ├─┬ form-data@0.1.4
129 silly idealTree │ └── mime@1.2.11
129 silly idealTree ├── forwarded@0.1.0
129 silly idealTree ├── fresh@0.3.0
129 silly idealTree ├── function-bind@1.0.2
129 silly idealTree ├── has-ansi@2.0.0
129 silly idealTree ├── has-binary@0.1.7
129 silly idealTree ├── has-cors@1.1.0
129 silly idealTree ├── hawk@1.1.1
129 silly idealTree ├── hoek@0.9.1
129 silly idealTree ├── http-errors@1.3.1
129 silly idealTree ├── http-signature@0.10.1
129 silly idealTree ├── indexof@0.0.1
129 silly idealTree ├── inherits@2.0.1
129 silly idealTree ├── ipaddr.js@1.0.5
129 silly idealTree ├── is-callable@1.1.1
129 silly idealTree ├── is-date-object@1.0.1
129 silly idealTree ├── is-regex@1.0.3
129 silly idealTree ├── is-symbol@1.0.1
129 silly idealTree ├── is-typedarray@1.0.0
129 silly idealTree ├── isarray@0.0.1
129 silly idealTree ├── johnny-five@0.9.17
129 silly idealTree ├── json-stringify-safe@5.0.1
129 silly idealTree ├── json3@3.2.6
129 silly idealTree ├── lodash-node@2.4.1
129 silly idealTree ├── lodash@3.10.1
129 silly idealTree ├── media-typer@0.3.0
129 silly idealTree ├── merge-descriptors@1.0.0
129 silly idealTree ├── methods@1.1.1
129 silly idealTree ├── mime-db@1.21.0
129 silly idealTree ├── mime-types@2.1.9
129 silly idealTree ├── mime@1.3.4
129 silly idealTree ├── minimist@0.0.10
129 silly idealTree ├── moment@2.11.0
129 silly idealTree ├── ms@0.7.1
129 silly idealTree ├── nan@2.0.9
129 silly idealTree ├── nanotimer@0.3.10
129 silly idealTree ├── negotiator@0.5.3
129 silly idealTree ├── node-uuid@1.4.7
129 silly idealTree ├── oauth-sign@0.4.0
129 silly idealTree ├── object-component@0.0.3
129 silly idealTree ├── object-keys@1.0.9
129 silly idealTree ├── on-finished@2.3.0
129 silly idealTree ├── optimist@0.6.1
129 silly idealTree ├── options@0.0.6
129 silly idealTree ├── parsejson@0.0.1
129 silly idealTree ├── parseqs@0.0.2
129 silly idealTree ├── parseuri@0.0.4
129 silly idealTree ├── parseurl@1.3.0
129 silly idealTree ├── path-to-regexp@0.1.7
129 silly idealTree ├── proxy-addr@1.0.10
129 silly idealTree ├─┬ pushbullet@1.4.3
129 silly idealTree │ ├── mime-types@1.0.2
129 silly idealTree │ ├── mime@1.2.11
129 silly idealTree │ ├── qs@1.2.2
129 silly idealTree │ └── request@2.44.0
129 silly idealTree ├── qs@4.0.0
129 silly idealTree ├── range-parser@1.0.3
129 silly idealTree ├── readable-stream@1.0.33
129 silly idealTree ├── request-json@0.4.13
129 silly idealTree ├─┬ request@2.45.0
129 silly idealTree │ ├── mime-types@1.0.2
129 silly idealTree │ └── qs@1.2.2
129 silly idealTree ├── send@0.13.0
129 silly idealTree ├─┬ serialport@2.0.6
129 silly idealTree │ ├── async@0.9.0
129 silly idealTree │ ├─┬ node-pre-gyp-github@1.1.1
129 silly idealTree │ │ ├─┬ commander@2.9.0
129 silly idealTree │ │ │ └── graceful-readlink@1.0.1
129 silly idealTree │ │ ├── github@0.2.4
129 silly idealTree │ │ ├── mime@1.3.4
129 silly idealTree │ │ └─┬ request@2.67.0
129 silly idealTree │ │   ├── aws-sign2@0.6.0
129 silly idealTree │ │   ├─┬ bl@1.0.0
129 silly idealTree │ │   │ └─┬ readable-stream@2.0.5
129 silly idealTree │ │   │   ├── core-util-is@1.0.2
129 silly idealTree │ │   │   ├── inherits@2.0.1
129 silly idealTree │ │   │   ├── isarray@0.0.1
129 silly idealTree │ │   │   ├── process-nextick-args@1.0.6
129 silly idealTree │ │   │   ├── string_decoder@0.10.31
129 silly idealTree │ │   │   └── util-deprecate@1.0.2
129 silly idealTree │ │   ├── caseless@0.11.0
129 silly idealTree │ │   ├─┬ combined-stream@1.0.5
129 silly idealTree │ │   │ └── delayed-stream@1.0.0
129 silly idealTree │ │   ├── extend@3.0.0
129 silly idealTree │ │   ├── forever-agent@0.6.1
129 silly idealTree │ │   ├─┬ form-data@1.0.0-rc3
129 silly idealTree │ │   │ └── async@1.5.0
129 silly idealTree │ │   ├─┬ har-validator@2.0.3
129 silly idealTree │ │   │ ├─┬ chalk@1.1.1
129 silly idealTree │ │   │ │ ├── ansi-styles@2.1.0
129 silly idealTree │ │   │ │ ├── escape-string-regexp@1.0.4
129 silly idealTree │ │   │ │ ├─┬ has-ansi@2.0.0
129 silly idealTree │ │   │ │ │ └── ansi-regex@2.0.0
129 silly idealTree │ │   │ │ ├─┬ strip-ansi@3.0.0
129 silly idealTree │ │   │ │ │ └── ansi-regex@2.0.0
129 silly idealTree │ │   │ │ └── supports-color@2.0.0
129 silly idealTree │ │   │ ├─┬ is-my-json-valid@2.12.3
129 silly idealTree │ │   │ │ ├── generate-function@2.0.0
129 silly idealTree │ │   │ │ ├─┬ generate-object-property@1.2.0
129 silly idealTree │ │   │ │ │ └── is-property@1.0.2
129 silly idealTree │ │   │ │ ├── jsonpointer@2.0.0
129 silly idealTree │ │   │ │ └── xtend@4.0.1
129 silly idealTree │ │   │ └─┬ pinkie-promise@2.0.0
129 silly idealTree │ │   │   └── pinkie@2.0.1
129 silly idealTree │ │   ├─┬ hawk@3.1.2
129 silly idealTree │ │   │ ├── boom@2.10.1
129 silly idealTree │ │   │ ├── cryptiles@2.0.5
129 silly idealTree │ │   │ ├── hoek@2.16.3
129 silly idealTree │ │   │ └── sntp@1.0.9
129 silly idealTree │ │   ├─┬ http-signature@1.1.0
129 silly idealTree │ │   │ ├── assert-plus@0.1.5
129 silly idealTree │ │   │ ├─┬ jsprim@1.2.2
129 silly idealTree │ │   │ │ ├── extsprintf@1.0.2
129 silly idealTree │ │   │ │ ├── json-schema@0.2.2
129 silly idealTree │ │   │ │ └── verror@1.3.6
129 silly idealTree │ │   │ └─┬ sshpk@1.7.1
129 silly idealTree │ │   │   ├── asn1@0.2.3
129 silly idealTree │ │   │   ├── assert-plus@0.2.0
129 silly idealTree │ │   │   ├─┬ dashdash@1.10.1
129 silly idealTree │ │   │   │ └── assert-plus@0.1.5
129 silly idealTree │ │   │   ├── ecc-jsbn@0.1.1
129 silly idealTree │ │   │   ├── jodid25519@1.0.2
129 silly idealTree │ │   │   ├── jsbn@0.1.0
129 silly idealTree │ │   │   └── tweetnacl@0.13.2
129 silly idealTree │ │   ├── is-typedarray@1.0.0
129 silly idealTree │ │   ├── isstream@0.1.2
129 silly idealTree │ │   ├── json-stringify-safe@5.0.1
129 silly idealTree │ │   ├─┬ mime-types@2.1.8
129 silly idealTree │ │   │ └── mime-db@1.20.0
129 silly idealTree │ │   ├── node-uuid@1.4.7
129 silly idealTree │ │   ├── oauth-sign@0.8.0
129 silly idealTree │ │   ├── qs@5.2.0
129 silly idealTree │ │   ├── stringstream@0.0.5
129 silly idealTree │ │   ├── tough-cookie@2.2.1
129 silly idealTree │ │   └── tunnel-agent@0.4.2
129 silly idealTree │ └─┬ node-pre-gyp@0.6.18
129 silly idealTree │   ├─┬ mkdirp@0.5.1
129 silly idealTree │   │ └── minimist@0.0.8
129 silly idealTree │   ├─┬ nopt@3.0.6
129 silly idealTree │   │ └── abbrev@1.0.7
129 silly idealTree │   ├─┬ npmlog@2.0.0
129 silly idealTree │   │ ├── ansi@0.3.0
129 silly idealTree │   │ ├─┬ are-we-there-yet@1.0.5
129 silly idealTree │   │ │ ├── delegates@0.1.0
129 silly idealTree │   │ │ └─┬ readable-stream@2.0.5
129 silly idealTree │   │ │   ├── core-util-is@1.0.2
129 silly idealTree │   │ │   ├── inherits@2.0.1
129 silly idealTree │   │ │   ├── isarray@0.0.1
129 silly idealTree │   │ │   ├── process-nextick-args@1.0.6
129 silly idealTree │   │ │   ├── string_decoder@0.10.31
129 silly idealTree │   │ │   └── util-deprecate@1.0.2
129 silly idealTree │   │ └─┬ gauge@1.2.2
129 silly idealTree │   │   ├── has-unicode@1.0.1
129 silly idealTree │   │   ├─┬ lodash.pad@3.1.1
129 silly idealTree │   │   │ ├── lodash._basetostring@3.0.1
129 silly idealTree │   │   │ └─┬ lodash._createpadding@3.6.1
129 silly idealTree │   │   │   └── lodash.repeat@3.0.1
129 silly idealTree │   │   ├─┬ lodash.padleft@3.1.1
129 silly idealTree │   │   │ ├── lodash._basetostring@3.0.1
129 silly idealTree │   │   │ └─┬ lodash._createpadding@3.6.1
129 silly idealTree │   │   │   └── lodash.repeat@3.0.1
129 silly idealTree │   │   └─┬ lodash.padright@3.1.1
129 silly idealTree │   │     ├── lodash._basetostring@3.0.1
129 silly idealTree │   │     └─┬ lodash._createpadding@3.6.1
129 silly idealTree │   │       └── lodash.repeat@3.0.1
129 silly idealTree │   ├─┬ rc@1.1.5
129 silly idealTree │   │ ├── deep-extend@0.4.0
129 silly idealTree │   │ ├── ini@1.3.4
129 silly idealTree │   │ ├── minimist@1.2.0
129 silly idealTree │   │ └── strip-json-comments@1.0.4
129 silly idealTree │   ├─┬ request@2.67.0
129 silly idealTree │   │ ├── aws-sign2@0.6.0
129 silly idealTree │   │ ├─┬ bl@1.0.0
129 silly idealTree │   │ │ └─┬ readable-stream@2.0.5
129 silly idealTree │   │ │   ├── core-util-is@1.0.2
129 silly idealTree │   │ │   ├── inherits@2.0.1
129 silly idealTree │   │ │   ├── isarray@0.0.1
129 silly idealTree │   │ │   ├── process-nextick-args@1.0.6
129 silly idealTree │   │ │   ├── string_decoder@0.10.31
129 silly idealTree │   │ │   └── util-deprecate@1.0.2
129 silly idealTree │   │ ├── caseless@0.11.0
129 silly idealTree │   │ ├─┬ combined-stream@1.0.5
129 silly idealTree │   │ │ └── delayed-stream@1.0.0
129 silly idealTree │   │ ├── extend@3.0.0
129 silly idealTree │   │ ├── forever-agent@0.6.1
129 silly idealTree │   │ ├─┬ form-data@1.0.0-rc3
129 silly idealTree │   │ │ └── async@1.5.0
129 silly idealTree │   │ ├─┬ har-validator@2.0.3
129 silly idealTree │   │ │ ├─┬ chalk@1.1.1
129 silly idealTree │   │ │ │ ├── ansi-styles@2.1.0
129 silly idealTree │   │ │ │ ├── escape-string-regexp@1.0.3
129 silly idealTree │   │ │ │ ├─┬ has-ansi@2.0.0
129 silly idealTree │   │ │ │ │ └── ansi-regex@2.0.0
129 silly idealTree │   │ │ │ ├─┬ strip-ansi@3.0.0
129 silly idealTree │   │ │ │ │ └── ansi-regex@2.0.0
129 silly idealTree │   │ │ │ └── supports-color@2.0.0
129 silly idealTree │   │ │ ├─┬ commander@2.9.0
129 silly idealTree │   │ │ │ └── graceful-readlink@1.0.1
129 silly idealTree │   │ │ ├─┬ is-my-json-valid@2.12.3
129 silly idealTree │   │ │ │ ├── generate-function@2.0.0
129 silly idealTree │   │ │ │ ├─┬ generate-object-property@1.2.0
129 silly idealTree │   │ │ │ │ └── is-property@1.0.2
129 silly idealTree │   │ │ │ ├── jsonpointer@2.0.0
129 silly idealTree │   │ │ │ └── xtend@4.0.1
129 silly idealTree │   │ │ └─┬ pinkie-promise@2.0.0
129 silly idealTree │   │ │   └── pinkie@2.0.1
129 silly idealTree │   │ ├─┬ hawk@3.1.2
129 silly idealTree │   │ │ ├── boom@2.10.1
129 silly idealTree │   │ │ ├── cryptiles@2.0.5
129 silly idealTree │   │ │ ├── hoek@2.16.3
129 silly idealTree │   │ │ └── sntp@1.0.9
129 silly idealTree │   │ ├─┬ http-signature@1.1.0
129 silly idealTree │   │ │ ├── assert-plus@0.1.5
129 silly idealTree │   │ │ ├─┬ jsprim@1.2.2
129 silly idealTree │   │ │ │ ├── extsprintf@1.0.2
129 silly idealTree │   │ │ │ ├── json-schema@0.2.2
129 silly idealTree │   │ │ │ └── verror@1.3.6
129 silly idealTree │   │ │ └─┬ sshpk@1.7.1
129 silly idealTree │   │ │   ├── asn1@0.2.3
129 silly idealTree │   │ │   ├── assert-plus@0.2.0
129 silly idealTree │   │ │   ├─┬ dashdash@1.10.1
129 silly idealTree │   │ │   │ └── assert-plus@0.1.5
129 silly idealTree │   │ │   ├── ecc-jsbn@0.1.1
129 silly idealTree │   │ │   ├── jodid25519@1.0.2
129 silly idealTree │   │ │   ├── jsbn@0.1.0
129 silly idealTree │   │ │   └── tweetnacl@0.13.2
129 silly idealTree │   │ ├── is-typedarray@1.0.0
129 silly idealTree │   │ ├── isstream@0.1.2
129 silly idealTree │   │ ├── json-stringify-safe@5.0.1
129 silly idealTree │   │ ├─┬ mime-types@2.1.8
129 silly idealTree │   │ │ └── mime-db@1.20.0
129 silly idealTree │   │ ├── node-uuid@1.4.7
129 silly idealTree │   │ ├── oauth-sign@0.8.0
129 silly idealTree │   │ ├── qs@5.2.0
129 silly idealTree │   │ ├── stringstream@0.0.5
129 silly idealTree │   │ ├── tough-cookie@2.2.1
129 silly idealTree │   │ └── tunnel-agent@0.4.2
129 silly idealTree │   ├─┬ rimraf@2.4.4
129 silly idealTree │   │ └─┬ glob@5.0.15
129 silly idealTree │   │   ├─┬ inflight@1.0.4
129 silly idealTree │   │   │ └── wrappy@1.0.1
129 silly idealTree │   │   ├── inherits@2.0.1
129 silly idealTree │   │   ├─┬ minimatch@3.0.0
129 silly idealTree │   │   │ └─┬ brace-expansion@1.1.2
129 silly idealTree │   │   │   ├── balanced-match@0.3.0
129 silly idealTree │   │   │   └── concat-map@0.0.1
129 silly idealTree │   │   ├─┬ once@1.3.3
129 silly idealTree │   │   │ └── wrappy@1.0.1
129 silly idealTree │   │   └── path-is-absolute@1.0.0
129 silly idealTree │   ├── semver@5.1.0
129 silly idealTree │   ├─┬ tar-pack@3.1.2
129 silly idealTree │   │ ├── debug@0.7.4
129 silly idealTree │   │ ├─┬ fstream-ignore@1.0.3
129 silly idealTree │   │ │ ├── inherits@2.0.1
129 silly idealTree │   │ │ └─┬ minimatch@3.0.0
129 silly idealTree │   │ │   └─┬ brace-expansion@1.1.2
129 silly idealTree │   │ │     ├── balanced-match@0.3.0
129 silly idealTree │   │ │     └── concat-map@0.0.1
129 silly idealTree │   │ ├─┬ fstream@1.0.8
129 silly idealTree │   │ │ ├── graceful-fs@4.1.2
129 silly idealTree │   │ │ └── inherits@2.0.1
129 silly idealTree │   │ ├── once@1.1.1
129 silly idealTree │   │ ├─┬ readable-stream@2.0.5
129 silly idealTree │   │ │ ├── core-util-is@1.0.2
129 silly idealTree │   │ │ ├── inherits@2.0.1
129 silly idealTree │   │ │ ├── isarray@0.0.1
129 silly idealTree │   │ │ ├── process-nextick-args@1.0.6
129 silly idealTree │   │ │ ├── string_decoder@0.10.31
129 silly idealTree │   │ │ └── util-deprecate@1.0.2
129 silly idealTree │   │ └── uid-number@0.0.3
129 silly idealTree │   └─┬ tar@2.2.1
129 silly idealTree │     ├── block-stream@0.0.8
129 silly idealTree │     ├─┬ fstream@1.0.8
129 silly idealTree │     │ └── graceful-fs@4.1.2
129 silly idealTree │     └── inherits@2.0.1
129 silly idealTree ├── serve-static@1.10.0
129 silly idealTree ├── sf@0.1.7
129 silly idealTree ├── sntp@0.2.4
129 silly idealTree ├─┬ socket.io-adapter@0.4.0
129 silly idealTree │ └─┬ socket.io-parser@2.2.2
129 silly idealTree │   └── debug@0.7.4
129 silly idealTree ├─┬ socket.io-client@1.4.0
129 silly idealTree │ ├── component-emitter@1.2.0
129 silly idealTree │ ├── json3@3.3.2
129 silly idealTree │ └─┬ socket.io-parser@2.2.5
129 silly idealTree │   └── component-emitter@1.1.2
129 silly idealTree ├─┬ socket.io-parser@2.2.6
129 silly idealTree │ └── json3@3.3.2
129 silly idealTree ├── socket.io@1.4.0
129 silly idealTree ├── statuses@1.2.1
129 silly idealTree ├── string_decoder@0.10.31
129 silly idealTree ├── stringstream@0.0.5
129 silly idealTree ├── strip-ansi@3.0.0
129 silly idealTree ├── supports-color@2.0.0
129 silly idealTree ├── temporal@0.5.0
129 silly idealTree ├── time@0.11.4
129 silly idealTree ├── to-array@0.1.3
129 silly idealTree ├── tough-cookie@2.2.1
129 silly idealTree ├── tunnel-agent@0.4.2
129 silly idealTree ├── type-is@1.6.10
129 silly idealTree ├── typedarray-to-buffer@3.0.4
129 silly idealTree ├── ultron@1.0.2
129 silly idealTree ├── unpipe@1.0.0
129 silly idealTree ├── utf-8-validate@1.2.1
129 silly idealTree ├── utf8@2.1.0
129 silly idealTree ├── utils-merge@1.0.0
129 silly idealTree ├── vary@1.0.1
129 silly idealTree ├── websocket@1.0.22
129 silly idealTree ├── wordwrap@0.0.3
129 silly idealTree ├── ws@1.0.1
129 silly idealTree ├── xmlhttprequest-ssl@1.5.1
129 silly idealTree ├── yaeti@0.0.4
129 silly idealTree └── yeast@0.1.2
130 silly generateActionsToTake Starting
131 silly install generateActionsToTake
132 silly generateActionsToTake Finishing
133 silly diffTrees action count 3
134 silly diffTrees add bufferutil@1.2.1
135 silly diffTrees add utf-8-validate@1.2.1
136 silly diffTrees add time@0.11.4
137 silly decomposeActions action count 24
138 silly decomposeActions fetch bufferutil@1.2.1
139 silly decomposeActions extract bufferutil@1.2.1
140 silly decomposeActions preinstall bufferutil@1.2.1
141 silly decomposeActions build bufferutil@1.2.1
142 silly decomposeActions install bufferutil@1.2.1
143 silly decomposeActions postinstall bufferutil@1.2.1
144 silly decomposeActions test bufferutil@1.2.1
145 silly decomposeActions finalize bufferutil@1.2.1
146 silly decomposeActions fetch utf-8-validate@1.2.1
147 silly decomposeActions extract utf-8-validate@1.2.1
148 silly decomposeActions preinstall utf-8-validate@1.2.1
149 silly decomposeActions build utf-8-validate@1.2.1
150 silly decomposeActions install utf-8-validate@1.2.1
151 silly decomposeActions postinstall utf-8-validate@1.2.1
152 silly decomposeActions test utf-8-validate@1.2.1
153 silly decomposeActions finalize utf-8-validate@1.2.1
154 silly decomposeActions fetch time@0.11.4
155 silly decomposeActions extract time@0.11.4
156 silly decomposeActions preinstall time@0.11.4
157 silly decomposeActions build time@0.11.4
158 silly decomposeActions install time@0.11.4
159 silly decomposeActions postinstall time@0.11.4
160 silly decomposeActions test time@0.11.4
161 silly decomposeActions finalize time@0.11.4
162 silly executeActions Starting
163 silly install executeActions
164 silly doSerial global-install 0
165 silly doParallel fetch 3
166 verbose lock using C:\Users\kenne\AppData\Roaming\npm-cache\_locks\staging-fbb9f447e266c8dd.lock for D:\Programming\Github\notification-leds-new\node_modules\.staging
167 silly doParallel extract 3
168 silly extract bufferutil@1.2.1
169 silly extract utf-8-validate@1.2.1
170 silly extract time@0.11.4
171 verbose unbuild node_modules\.staging\utf-8-validate-ffd5a7a67ecbea77d8492f6163b943bc
172 verbose unbuild node_modules\.staging\bufferutil-6b5657904cfad42b14f0b170dea8d188
173 verbose unbuild node_modules\.staging\time-71f1fd5824b59e6b9cd3bb3117922c10
174 silly gentlyRm D:\Programming\Github\notification-leds-new\node_modules\.staging\utf-8-validate-ffd5a7a67ecbea77d8492f6163b943bc is being purged from base D:\Programming\Github\notification-leds-new
175 silly gentlyRm D:\Programming\Github\notification-leds-new\node_modules\.staging\bufferutil-6b5657904cfad42b14f0b170dea8d188 is being purged from base D:\Programming\Github\notification-leds-new
176 verbose gentlyRm don't care about contents; nuking D:\Programming\Github\notification-leds-new\node_modules\.staging\utf-8-validate-ffd5a7a67ecbea77d8492f6163b943bc
177 verbose gentlyRm don't care about contents; nuking D:\Programming\Github\notification-leds-new\node_modules\.staging\bufferutil-6b5657904cfad42b14f0b170dea8d188
178 silly gentlyRm D:\Programming\Github\notification-leds-new\node_modules\.staging\time-71f1fd5824b59e6b9cd3bb3117922c10 is being purged from base D:\Programming\Github\notification-leds-new
179 verbose tar unpack C:\Users\kenne\AppData\Roaming\npm-cache\utf-8-validate\1.2.1\package.tgz
180 verbose tar unpacking to D:\Programming\Github\notification-leds-new\node_modules\.staging\utf-8-validate-ffd5a7a67ecbea77d8492f6163b943bc
181 silly gentlyRm D:\Programming\Github\notification-leds-new\node_modules\.staging\utf-8-validate-ffd5a7a67ecbea77d8492f6163b943bc is being purged
182 verbose tar unpack C:\Users\kenne\AppData\Roaming\npm-cache\bufferutil\1.2.1\package.tgz
183 verbose tar unpacking to D:\Programming\Github\notification-leds-new\node_modules\.staging\bufferutil-6b5657904cfad42b14f0b170dea8d188
184 silly gentlyRm D:\Programming\Github\notification-leds-new\node_modules\.staging\bufferutil-6b5657904cfad42b14f0b170dea8d188 is being purged
185 verbose gentlyRm don't care about contents; nuking D:\Programming\Github\notification-leds-new\node_modules\.staging\time-71f1fd5824b59e6b9cd3bb3117922c10
186 verbose gentlyRm don't care about contents; nuking D:\Programming\Github\notification-leds-new\node_modules\.staging\utf-8-validate-ffd5a7a67ecbea77d8492f6163b943bc
187 verbose gentlyRm don't care about contents; nuking D:\Programming\Github\notification-leds-new\node_modules\.staging\bufferutil-6b5657904cfad42b14f0b170dea8d188
188 verbose tar unpack C:\Users\kenne\AppData\Roaming\npm-cache\time\0.11.4\package.tgz
189 verbose tar unpacking to D:\Programming\Github\notification-leds-new\node_modules\.staging\time-71f1fd5824b59e6b9cd3bb3117922c10
190 silly gentlyRm D:\Programming\Github\notification-leds-new\node_modules\.staging\time-71f1fd5824b59e6b9cd3bb3117922c10 is being purged
191 silly gunzTarPerm modes [ '777', '666' ]
192 silly gunzTarPerm modes [ '777', '666' ]
193 verbose gentlyRm don't care about contents; nuking D:\Programming\Github\notification-leds-new\node_modules\.staging\time-71f1fd5824b59e6b9cd3bb3117922c10
194 silly gunzTarPerm modes [ '777', '666' ]
195 silly gunzTarPerm extractEntry package.json
196 silly gunzTarPerm modified mode [ 'package.json', 420, 438 ]
197 silly gunzTarPerm extractEntry package.json
198 silly gunzTarPerm modified mode [ 'package.json', 420, 438 ]
199 silly gunzTarPerm extractEntry package.json
200 silly gunzTarPerm modified mode [ 'package.json', 420, 438 ]
201 silly gunzTarPerm extractEntry .npmignore
202 silly gunzTarPerm modified mode [ '.npmignore', 420, 438 ]
203 silly gunzTarPerm extractEntry README.md
204 silly gunzTarPerm modified mode [ 'README.md', 420, 438 ]
205 silly gunzTarPerm extractEntry .npmignore
206 silly gunzTarPerm modified mode [ '.npmignore', 420, 438 ]
207 silly gunzTarPerm extractEntry README.md
208 silly gunzTarPerm modified mode [ 'README.md', 420, 438 ]
209 silly gunzTarPerm extractEntry .npmignore
210 silly gunzTarPerm modified mode [ '.npmignore', 420, 438 ]
211 silly gunzTarPerm extractEntry README.md
212 silly gunzTarPerm modified mode [ 'README.md', 420, 438 ]
213 silly gunzTarPerm extractEntry fallback.js
214 silly gunzTarPerm modified mode [ 'fallback.js', 420, 438 ]
215 silly gunzTarPerm extractEntry index.js
216 silly gunzTarPerm modified mode [ 'index.js', 420, 438 ]
217 silly gunzTarPerm extractEntry fallback.js
218 silly gunzTarPerm modified mode [ 'fallback.js', 420, 438 ]
219 silly gunzTarPerm extractEntry index.js
220 silly gunzTarPerm modified mode [ 'index.js', 420, 438 ]
221 silly gunzTarPerm extractEntry LICENSE
222 silly gunzTarPerm modified mode [ 'LICENSE', 420, 438 ]
223 silly gunzTarPerm extractEntry index.js
224 silly gunzTarPerm modified mode [ 'index.js', 420, 438 ]
225 silly gunzTarPerm extractEntry binding.gyp
226 silly gunzTarPerm modified mode [ 'binding.gyp', 420, 438 ]
227 silly gunzTarPerm extractEntry .travis.yml
228 silly gunzTarPerm modified mode [ '.travis.yml', 420, 438 ]
229 silly gunzTarPerm extractEntry binding.gyp
230 silly gunzTarPerm modified mode [ 'binding.gyp', 420, 438 ]
231 silly gunzTarPerm extractEntry .travis.yml
232 silly gunzTarPerm modified mode [ '.travis.yml', 420, 438 ]
233 silly gunzTarPerm extractEntry binding.gyp
234 silly gunzTarPerm modified mode [ 'binding.gyp', 420, 438 ]
235 silly gunzTarPerm extractEntry src/bufferutil.cc
236 silly gunzTarPerm modified mode [ 'src/bufferutil.cc', 420, 438 ]
237 silly gunzTarPerm extractEntry src/validation.cc
238 silly gunzTarPerm modified mode [ 'src/validation.cc', 420, 438 ]
239 silly gunzTarPerm extractEntry .jshintrc
240 silly gunzTarPerm modified mode [ '.jshintrc', 420, 438 ]
241 silly gunzTarPerm extractEntry .travis.yml
242 silly gunzTarPerm modified mode [ '.travis.yml', 420, 438 ]
243 silly gunzTarPerm extractEntry History.md
244 silly gunzTarPerm modified mode [ 'History.md', 420, 438 ]
245 silly gunzTarPerm extractEntry src/time.cc
246 silly gunzTarPerm modified mode [ 'src/time.cc', 420, 438 ]
247 silly gunzTarPerm extractEntry test/date.js
248 silly gunzTarPerm modified mode [ 'test/date.js', 420, 438 ]
249 silly gunzTarPerm extractEntry test/exports.js
250 silly gunzTarPerm modified mode [ 'test/exports.js', 420, 438 ]
251 silly gunzTarPerm extractEntry test/tzset.js
252 silly gunzTarPerm modified mode [ 'test/tzset.js', 420, 438 ]
253 silly doParallel preinstall 3
254 silly preinstall bufferutil@1.2.1 D:\Programming\Github\notification-leds-new\node_modules\.staging\bufferutil-6b5657904cfad42b14f0b170dea8d188
255 info lifecycle bufferutil@1.2.1~preinstall: bufferutil@1.2.1
256 silly preinstall utf-8-validate@1.2.1 D:\Programming\Github\notification-leds-new\node_modules\.staging\utf-8-validate-ffd5a7a67ecbea77d8492f6163b943bc
257 info lifecycle utf-8-validate@1.2.1~preinstall: utf-8-validate@1.2.1
258 silly preinstall time@0.11.4 D:\Programming\Github\notification-leds-new\node_modules\.staging\time-71f1fd5824b59e6b9cd3bb3117922c10
259 info lifecycle time@0.11.4~preinstall: time@0.11.4
260 silly lifecycle bufferutil@1.2.1~preinstall: no script for preinstall, continuing
261 silly lifecycle utf-8-validate@1.2.1~preinstall: no script for preinstall, continuing
262 silly lifecycle time@0.11.4~preinstall: no script for preinstall, continuing
263 silly doReverseSerial remove 0
264 silly doSerial move 0
265 silly doSerial finalize 3
266 silly finalize D:\Programming\Github\notification-leds-new\node_modules\bufferutil
267 silly finalize D:\Programming\Github\notification-leds-new\node_modules\utf-8-validate
268 silly finalize D:\Programming\Github\notification-leds-new\node_modules\time
269 silly doSerial build 3
270 silly build bufferutil@1.2.1
271 info linkStuff bufferutil@1.2.1
272 silly linkStuff bufferutil@1.2.1 has D:\Programming\Github\notification-leds-new\node_modules as its parent node_modules
273 verbose linkBins bufferutil@1.2.1
274 verbose linkMans bufferutil@1.2.1
275 silly build utf-8-validate@1.2.1
276 info linkStuff utf-8-validate@1.2.1
277 silly linkStuff utf-8-validate@1.2.1 has D:\Programming\Github\notification-leds-new\node_modules as its parent node_modules
278 verbose linkBins utf-8-validate@1.2.1
279 verbose linkMans utf-8-validate@1.2.1
280 silly build time@0.11.4
281 info linkStuff time@0.11.4
282 silly linkStuff time@0.11.4 has D:\Programming\Github\notification-leds-new\node_modules as its parent node_modules
283 verbose linkBins time@0.11.4
284 verbose linkMans time@0.11.4
285 silly doSerial global-link 0
286 silly doParallel update-linked 0
287 silly doSerial install 3
288 silly install bufferutil@1.2.1 D:\Programming\Github\notification-leds-new\node_modules\.staging\bufferutil-6b5657904cfad42b14f0b170dea8d188
289 info lifecycle bufferutil@1.2.1~install: bufferutil@1.2.1
290 verbose lifecycle bufferutil@1.2.1~install: unsafe-perm in lifecycle true
291 verbose lifecycle bufferutil@1.2.1~install: PATH: D:\Programs\nodejs\node_modules\npm\bin\node-gyp-bin;D:\Programming\Github\notification-leds-new\node_modules\bufferutil\node_modules\.bin;D:\Programming\Github\notification-leds-new\node_modules\.bin;C:\ProgramData\Oracle\Java\javapath;C:\WINDOWS\system32;C:\WINDOWS;C:\WINDOWS\System32\Wbem;C:\WINDOWS\System32\WindowsPowerShell\v1.0\;D:\Programs\Android\sdk\platform-tools;D:\Programs\nodejs\;;D:\Programs\Microsoft VS Code\bin;C:\Users\kenne\AppData\Roaming\npm
292 verbose lifecycle bufferutil@1.2.1~install: CWD: D:\Programming\Github\notification-leds-new\node_modules\bufferutil
293 silly lifecycle bufferutil@1.2.1~install: Args: [ '/d /s /c', 'node-gyp rebuild' ]
294 silly lifecycle bufferutil@1.2.1~install: Returned: code: 1  signal: null
295 info lifecycle bufferutil@1.2.1~install: Failed to exec install script
296 warn install:bufferutil@1.2.1 bufferutil@1.2.1 install: `node-gyp rebuild`
296 warn install:bufferutil@1.2.1 Exit status 1
297 verbose install:bufferutil@1.2.1 Error: bufferutil@1.2.1 install: `node-gyp rebuild`
297 verbose install:bufferutil@1.2.1 Exit status 1
297 verbose install:bufferutil@1.2.1     at EventEmitter.<anonymous> (D:\Programs\nodejs\node_modules\npm\lib\utils\lifecycle.js:232:16)
297 verbose install:bufferutil@1.2.1     at emitTwo (events.js:87:13)
297 verbose install:bufferutil@1.2.1     at EventEmitter.emit (events.js:172:7)
297 verbose install:bufferutil@1.2.1     at ChildProcess.<anonymous> (D:\Programs\nodejs\node_modules\npm\lib\utils\spawn.js:24:14)
297 verbose install:bufferutil@1.2.1     at emitTwo (events.js:87:13)
297 verbose install:bufferutil@1.2.1     at ChildProcess.emit (events.js:172:7)
297 verbose install:bufferutil@1.2.1     at maybeClose (internal/child_process.js:821:16)
297 verbose install:bufferutil@1.2.1     at Process.ChildProcess._handle.onexit (internal/child_process.js:211:5)
298 silly install utf-8-validate@1.2.1 D:\Programming\Github\notification-leds-new\node_modules\.staging\utf-8-validate-ffd5a7a67ecbea77d8492f6163b943bc
299 info lifecycle utf-8-validate@1.2.1~install: utf-8-validate@1.2.1
300 verbose lifecycle utf-8-validate@1.2.1~install: unsafe-perm in lifecycle true
301 verbose lifecycle utf-8-validate@1.2.1~install: PATH: D:\Programs\nodejs\node_modules\npm\bin\node-gyp-bin;D:\Programming\Github\notification-leds-new\node_modules\utf-8-validate\node_modules\.bin;D:\Programming\Github\notification-leds-new\node_modules\.bin;C:\ProgramData\Oracle\Java\javapath;C:\WINDOWS\system32;C:\WINDOWS;C:\WINDOWS\System32\Wbem;C:\WINDOWS\System32\WindowsPowerShell\v1.0\;D:\Programs\Android\sdk\platform-tools;D:\Programs\nodejs\;;D:\Programs\Microsoft VS Code\bin;C:\Users\kenne\AppData\Roaming\npm
302 verbose lifecycle utf-8-validate@1.2.1~install: CWD: D:\Programming\Github\notification-leds-new\node_modules\utf-8-validate
303 silly lifecycle utf-8-validate@1.2.1~install: Args: [ '/d /s /c', 'node-gyp rebuild' ]
304 silly lifecycle utf-8-validate@1.2.1~install: Returned: code: 1  signal: null
305 info lifecycle utf-8-validate@1.2.1~install: Failed to exec install script
306 warn install:utf-8-validate@1.2.1 utf-8-validate@1.2.1 install: `node-gyp rebuild`
306 warn install:utf-8-validate@1.2.1 Exit status 1
307 verbose install:utf-8-validate@1.2.1 Error: utf-8-validate@1.2.1 install: `node-gyp rebuild`
307 verbose install:utf-8-validate@1.2.1 Exit status 1
307 verbose install:utf-8-validate@1.2.1     at EventEmitter.<anonymous> (D:\Programs\nodejs\node_modules\npm\lib\utils\lifecycle.js:232:16)
307 verbose install:utf-8-validate@1.2.1     at emitTwo (events.js:87:13)
307 verbose install:utf-8-validate@1.2.1     at EventEmitter.emit (events.js:172:7)
307 verbose install:utf-8-validate@1.2.1     at ChildProcess.<anonymous> (D:\Programs\nodejs\node_modules\npm\lib\utils\spawn.js:24:14)
307 verbose install:utf-8-validate@1.2.1     at emitTwo (events.js:87:13)
307 verbose install:utf-8-validate@1.2.1     at ChildProcess.emit (events.js:172:7)
307 verbose install:utf-8-validate@1.2.1     at maybeClose (internal/child_process.js:821:16)
307 verbose install:utf-8-validate@1.2.1     at Process.ChildProcess._handle.onexit (internal/child_process.js:211:5)
308 silly install time@0.11.4 D:\Programming\Github\notification-leds-new\node_modules\.staging\time-71f1fd5824b59e6b9cd3bb3117922c10
309 info lifecycle time@0.11.4~install: time@0.11.4
310 verbose lifecycle time@0.11.4~install: unsafe-perm in lifecycle true
311 verbose lifecycle time@0.11.4~install: PATH: D:\Programs\nodejs\node_modules\npm\bin\node-gyp-bin;D:\Programming\Github\notification-leds-new\node_modules\time\node_modules\.bin;D:\Programming\Github\notification-leds-new\node_modules\.bin;C:\ProgramData\Oracle\Java\javapath;C:\WINDOWS\system32;C:\WINDOWS;C:\WINDOWS\System32\Wbem;C:\WINDOWS\System32\WindowsPowerShell\v1.0\;D:\Programs\Android\sdk\platform-tools;D:\Programs\nodejs\;;D:\Programs\Microsoft VS Code\bin;C:\Users\kenne\AppData\Roaming\npm
312 verbose lifecycle time@0.11.4~install: CWD: D:\Programming\Github\notification-leds-new\node_modules\time
313 silly lifecycle time@0.11.4~install: Args: [ '/d /s /c', 'node-gyp rebuild' ]
314 silly lifecycle time@0.11.4~install: Returned: code: 1  signal: null
315 info lifecycle time@0.11.4~install: Failed to exec install script
316 verbose unlock done using C:\Users\kenne\AppData\Roaming\npm-cache\_locks\staging-fbb9f447e266c8dd.lock for D:\Programming\Github\notification-leds-new\node_modules\.staging
317 silly rollbackFailedOptional Starting
318 silly rollbackFailedOptional Finishing
319 silly runTopLevelLifecycles Starting
320 silly runTopLevelLifecycles Finishing
321 silly install printInstalled
322 warn EPACKAGEJSON lite_auto@1.0.0 No repository field.
323 verbose stack Error: time@0.11.4 install: `node-gyp rebuild`
323 verbose stack Exit status 1
323 verbose stack     at EventEmitter.<anonymous> (D:\Programs\nodejs\node_modules\npm\lib\utils\lifecycle.js:232:16)
323 verbose stack     at emitTwo (events.js:87:13)
323 verbose stack     at EventEmitter.emit (events.js:172:7)
323 verbose stack     at ChildProcess.<anonymous> (D:\Programs\nodejs\node_modules\npm\lib\utils\spawn.js:24:14)
323 verbose stack     at emitTwo (events.js:87:13)
323 verbose stack     at ChildProcess.emit (events.js:172:7)
323 verbose stack     at maybeClose (internal/child_process.js:821:16)
323 verbose stack     at Process.ChildProcess._handle.onexit (internal/child_process.js:211:5)
324 verbose pkgid time@0.11.4
325 verbose cwd D:\Programming\Github\notification-leds-new
326 error Windows_NT 10.0.11082
327 error argv "D:\\Programs\\nodejs\\node.exe" "D:\\Programs\\nodejs\\node_modules\\npm\\bin\\npm-cli.js" "install"
328 error node v5.4.0
329 error npm  v3.3.12
330 error code ELIFECYCLE
331 error time@0.11.4 install: `node-gyp rebuild`
331 error Exit status 1
332 error Failed at the time@0.11.4 install script 'node-gyp rebuild'.
332 error Make sure you have the latest version of node.js and npm installed.
332 error If you do, this is most likely a problem with the time package,
332 error not with npm itself.
332 error Tell the author that this fails on your system:
332 error     node-gyp rebuild
332 error You can get their info via:
332 error     npm owner ls time
332 error There is likely additional logging output above.
333 verbose exit [ 1, true ]
